2021-03-08 00:00:15|INFO |Thread-0|onlinechat.servermultiusers.myserver.MyServer (MyServer.java:61) - Подключился клиент Андрей
2021-03-08 00:00:15|INFO |Thread-0|onlinechat.servermultiusers.myserver.MyServer (MyServer.java:82) - Список активных клиентов:
Андрей

2021-03-08 00:00:15|INFO |Thread-0|onlinechat.servermultiusers.myserver.handler.ClientHandler (ClientHandler.java:87) - Снимаем с сокета ограничение по тайм-ауту
2021-03-08 00:00:19|WARN |Thread-0|onlinechat.servermultiusers.myserver.handler.ClientHandler (ClientHandler.java:58) - java.net.SocketException: Connection reset
2021-03-08 00:00:19|INFO |Thread-0|onlinechat.servermultiusers.myserver.MyServer (MyServer.java:69) - Отключился клиент Андрей
2021-03-08 00:00:19|INFO |Thread-0|onlinechat.servermultiusers.myserver.MyServer (MyServer.java:82) - Список активных клиентов:

2021-03-08 00:02:24|INFO |main|onlinechat.servermultiusers.myserver.MyServer (MyServer.java:35) - Клиент подключился, создаем указатель
2021-03-08 00:02:24|INFO |main|onlinechat.servermultiusers.myserver.MyServer (MyServer.java:33) - Ожидаем подключения пользователя
2021-03-08 00:02:24|INFO |Thread-1|onlinechat.servermultiusers.myserver.handler.ClientHandler (ClientHandler.java:73) - Устанавливаем тайм-аут сокета 120000 мс
2021-03-08 00:02:33|WARN |Thread-1|onlinechat.servermultiusers.myserver.handler.ClientHandler (ClientHandler.java:58) - java.net.SocketException: Connection reset
2021-03-08 00:02:33|INFO |Thread-1|onlinechat.servermultiusers.myserver.MyServer (MyServer.java:69) - Отключился клиент null
2021-03-08 00:02:33|INFO |Thread-1|onlinechat.servermultiusers.myserver.MyServer (MyServer.java:82) - Список активных клиентов:

2021-03-08 00:03:52|INFO |main|onlinechat.servermultiusers.myserver.MyServer (MyServer.java:35) - Клиент подключился, создаем указатель
2021-03-08 00:03:52|INFO |main|onlinechat.servermultiusers.myserver.MyServer (MyServer.java:33) - Ожидаем подключения пользователя
2021-03-08 00:03:52|INFO |Thread-2|onlinechat.servermultiusers.myserver.handler.ClientHandler (ClientHandler.java:73) - Устанавливаем тайм-аут сокета 120000 мс
2021-03-08 00:04:02|WARN |Thread-2|onlinechat.servermultiusers.myserver.handler.ClientHandler (ClientHandler.java:58) - java.net.SocketException: Connection reset
2021-03-08 00:04:02|INFO |Thread-2|onlinechat.servermultiusers.myserver.MyServer (MyServer.java:69) - Отключился клиент null
2021-03-08 00:04:02|INFO |Thread-2|onlinechat.servermultiusers.myserver.MyServer (MyServer.java:82) - Список активных клиентов:

2021-03-08 00:05:10|INFO |main|onlinechat.servermultiusers.myserver.MyServer (MyServer.java:35) - Клиент подключился, создаем указатель
2021-03-08 00:05:10|INFO |main|onlinechat.servermultiusers.myserver.MyServer (MyServer.java:33) - Ожидаем подключения пользователя
2021-03-08 00:05:10|INFO |Thread-3|onlinechat.servermultiusers.myserver.handler.ClientHandler (ClientHandler.java:73) - Устанавливаем тайм-аут сокета 120000 мс
2021-03-08 00:05:15|WARN |Thread-3|onlinechat.servermultiusers.myserver.handler.ClientHandler (ClientHandler.java:58) - java.net.SocketException: Connection reset
2021-03-08 00:05:15|INFO |Thread-3|onlinechat.servermultiusers.myserver.MyServer (MyServer.java:69) - Отключился клиент null
2021-03-08 00:05:15|INFO |Thread-3|onlinechat.servermultiusers.myserver.MyServer (MyServer.java:82) - Список активных клиентов:

2021-03-08 00:06:00|INFO |main|onlinechat.servermultiusers.myserver.MyServer (MyServer.java:35) - Клиент подключился, создаем указатель
2021-03-08 00:06:00|INFO |main|onlinechat.servermultiusers.myserver.MyServer (MyServer.java:33) - Ожидаем подключения пользователя
2021-03-08 00:06:00|INFO |Thread-4|onlinechat.servermultiusers.myserver.handler.ClientHandler (ClientHandler.java:73) - Устанавливаем тайм-аут сокета 120000 мс
2021-03-08 00:06:06|WARN |Thread-4|onlinechat.servermultiusers.myserver.handler.ClientHandler (ClientHandler.java:58) - java.net.SocketException: Connection reset
2021-03-08 00:06:06|INFO |Thread-4|onlinechat.servermultiusers.myserver.MyServer (MyServer.java:69) - Отключился клиент null
2021-03-08 00:06:06|INFO |Thread-4|onlinechat.servermultiusers.myserver.MyServer (MyServer.java:82) - Список активных клиентов:

2021-03-08 00:07:55|INFO |main|onlinechat.servermultiusers.myserver.MyServer (MyServer.java:35) - Клиент подключился, создаем указатель
2021-03-08 00:07:55|INFO |main|onlinechat.servermultiusers.myserver.MyServer (MyServer.java:33) - Ожидаем подключения пользователя
2021-03-08 00:07:55|INFO |Thread-5|onlinechat.servermultiusers.myserver.handler.ClientHandler (ClientHandler.java:73) - Устанавливаем тайм-аут сокета 120000 мс
2021-03-08 00:08:04|WARN |Thread-5|onlinechat.servermultiusers.myserver.handler.ClientHandler (ClientHandler.java:58) - java.net.SocketException: Connection reset
2021-03-08 00:08:04|INFO |Thread-5|onlinechat.servermultiusers.myserver.MyServer (MyServer.java:69) - Отключился клиент null
2021-03-08 00:08:04|INFO |Thread-5|onlinechat.servermultiusers.myserver.MyServer (MyServer.java:82) - Список активных клиентов:

2021-03-08 00:08:14|INFO |main|onlinechat.servermultiusers.myserver.MyServer (MyServer.java:35) - Клиент подключился, создаем указатель
2021-03-08 00:08:14|INFO |main|onlinechat.servermultiusers.myserver.MyServer (MyServer.java:33) - Ожидаем подключения пользователя
2021-03-08 00:08:14|INFO |Thread-6|onlinechat.servermultiusers.myserver.handler.ClientHandler (ClientHandler.java:73) - Устанавливаем тайм-аут сокета 120000 мс
2021-03-08 00:08:19|WARN |Thread-6|onlinechat.servermultiusers.myserver.handler.ClientHandler (ClientHandler.java:58) - java.net.SocketException: Connection reset
2021-03-08 00:08:19|INFO |Thread-6|onlinechat.servermultiusers.myserver.MyServer (MyServer.java:69) - Отключился клиент null
2021-03-08 00:08:19|INFO |Thread-6|onlinechat.servermultiusers.myserver.MyServer (MyServer.java:82) - Список активных клиентов:

2021-03-08 00:08:41|INFO |main|onlinechat.servermultiusers.myserver.MyServer (MyServer.java:35) - Клиент подключился, создаем указатель
2021-03-08 00:08:41|INFO |main|onlinechat.servermultiusers.myserver.MyServer (MyServer.java:33) - Ожидаем подключения пользователя
2021-03-08 00:08:41|INFO |Thread-7|onlinechat.servermultiusers.myserver.handler.ClientHandler (ClientHandler.java:73) - Устанавливаем тайм-аут сокета 120000 мс
2021-03-08 00:08:46|WARN |Thread-7|onlinechat.servermultiusers.myserver.handler.ClientHandler (ClientHandler.java:58) - java.net.SocketException: Connection reset
2021-03-08 00:08:46|INFO |Thread-7|onlinechat.servermultiusers.myserver.MyServer (MyServer.java:69) - Отключился клиент null
2021-03-08 00:08:46|INFO |Thread-7|onlinechat.servermultiusers.myserver.MyServer (MyServer.java:82) - Список активных клиентов:

2021-03-08 00:17:24|INFO |main|onlinechat.servermultiusers.myserver.MyServer (MyServer.java:35) - Клиент подключился, создаем указатель
2021-03-08 00:17:24|INFO |main|onlinechat.servermultiusers.myserver.MyServer (MyServer.java:33) - Ожидаем подключения пользователя
2021-03-08 00:17:24|INFO |Thread-8|onlinechat.servermultiusers.myserver.handler.ClientHandler (ClientHandler.java:73) - Устанавливаем тайм-аут сокета 120000 мс
2021-03-08 00:17:51|INFO |main|onlinechat.servermultiusers.ServerApp (ServerApp.java:17) - Запуск сервера
2021-03-08 00:17:51|INFO |main|onlinechat.servermultiusers.myserver.services.DBAuthAndLoginService (BaseAuthService.java:60) - Сервис аутентификации запущен
2021-03-08 00:17:51|INFO |main|onlinechat.servermultiusers.myserver.MyServer (MyServer.java:30) - Сервер запущен
2021-03-08 00:17:51|INFO |main|onlinechat.servermultiusers.myserver.MyServer (MyServer.java:33) - Ожидаем подключения пользователя
2021-03-08 00:17:52|INFO |main|onlinechat.servermultiusers.myserver.MyServer (MyServer.java:35) - Клиент подключился, создаем указатель
2021-03-08 00:17:52|INFO |main|onlinechat.servermultiusers.myserver.MyServer (MyServer.java:33) - Ожидаем подключения пользователя
2021-03-08 00:17:52|INFO |Thread-0|onlinechat.servermultiusers.myserver.handler.ClientHandler (ClientHandler.java:73) - Устанавливаем тайм-аут сокета 120000 мс
2021-03-08 00:17:55|WARN |Thread-0|onlinechat.servermultiusers.myserver.handler.ClientHandler (ClientHandler.java:58) - java.net.SocketException: Connection reset
2021-03-08 00:17:55|INFO |Thread-0|onlinechat.servermultiusers.myserver.MyServer (MyServer.java:69) - Отключился клиент null
2021-03-08 00:17:55|INFO |Thread-0|onlinechat.servermultiusers.myserver.MyServer (MyServer.java:82) - Список активных клиентов:

2021-03-08 00:18:09|INFO |main|onlinechat.servermultiusers.myserver.MyServer (MyServer.java:35) - Клиент подключился, создаем указатель
2021-03-08 00:18:09|INFO |main|onlinechat.servermultiusers.myserver.MyServer (MyServer.java:33) - Ожидаем подключения пользователя
2021-03-08 00:18:09|INFO |Thread-1|onlinechat.servermultiusers.myserver.handler.ClientHandler (ClientHandler.java:73) - Устанавливаем тайм-аут сокета 120000 мс
2021-03-08 00:18:19|WARN |Thread-1|onlinechat.servermultiusers.myserver.handler.ClientHandler (ClientHandler.java:58) - java.net.SocketException: Connection reset
2021-03-08 00:18:19|INFO |Thread-1|onlinechat.servermultiusers.myserver.MyServer (MyServer.java:69) - Отключился клиент null
2021-03-08 00:18:19|INFO |Thread-1|onlinechat.servermultiusers.myserver.MyServer (MyServer.java:82) - Список активных клиентов:

2021-03-08 00:18:28|INFO |main|onlinechat.servermultiusers.myserver.MyServer (MyServer.java:35) - Клиент подключился, создаем указатель
2021-03-08 00:18:28|INFO |main|onlinechat.servermultiusers.myserver.MyServer (MyServer.java:33) - Ожидаем подключения пользователя
2021-03-08 00:18:28|INFO |Thread-2|onlinechat.servermultiusers.myserver.handler.ClientHandler (ClientHandler.java:73) - Устанавливаем тайм-аут сокета 120000 мс
2021-03-08 00:18:47|INFO |Thread-2|onlinechat.servermultiusers.myserver.MyServer (MyServer.java:61) - Подключился клиент Андрей
2021-03-08 00:18:47|INFO |Thread-2|onlinechat.servermultiusers.myserver.MyServer (MyServer.java:82) - Список активных клиентов:
Андрей

2021-03-08 00:18:47|INFO |Thread-2|onlinechat.servermultiusers.myserver.handler.ClientHandler (ClientHandler.java:87) - Снимаем с сокета ограничение по тайм-ауту
2021-03-08 00:18:51|WARN |Thread-2|onlinechat.servermultiusers.myserver.handler.ClientHandler (ClientHandler.java:58) - java.net.SocketException: Connection reset
2021-03-08 00:18:51|INFO |Thread-2|onlinechat.servermultiusers.myserver.MyServer (MyServer.java:69) - Отключился клиент Андрей
2021-03-08 00:18:51|INFO |Thread-2|onlinechat.servermultiusers.myserver.MyServer (MyServer.java:82) - Список активных клиентов:

2021-03-08 00:19:16|INFO |main|onlinechat.servermultiusers.myserver.MyServer (MyServer.java:35) - Клиент подключился, создаем указатель
2021-03-08 00:19:16|INFO |main|onlinechat.servermultiusers.myserver.MyServer (MyServer.java:33) - Ожидаем подключения пользователя
2021-03-08 00:19:16|INFO |Thread-3|onlinechat.servermultiusers.myserver.handler.ClientHandler (ClientHandler.java:73) - Устанавливаем тайм-аут сокета 120000 мс
2021-03-08 00:21:15|WARN |Thread-3|onlinechat.servermultiusers.myserver.handler.ClientHandler (ClientHandler.java:58) - java.net.SocketException: Connection reset
2021-03-08 00:21:15|INFO |Thread-3|onlinechat.servermultiusers.myserver.MyServer (MyServer.java:69) - Отключился клиент null
2021-03-08 00:21:15|INFO |Thread-3|onlinechat.servermultiusers.myserver.MyServer (MyServer.java:82) - Список активных клиентов:

2021-03-08 00:21:23|INFO |main|onlinechat.servermultiusers.myserver.MyServer (MyServer.java:35) - Клиент подключился, создаем указатель
2021-03-08 00:21:23|INFO |main|onlinechat.servermultiusers.myserver.MyServer (MyServer.java:33) - Ожидаем подключения пользователя
2021-03-08 00:21:23|INFO |Thread-4|onlinechat.servermultiusers.myserver.handler.ClientHandler (ClientHandler.java:73) - Устанавливаем тайм-аут сокета 120000 мс
2021-03-08 00:21:29|WARN |Thread-4|onlinechat.servermultiusers.myserver.handler.ClientHandler (ClientHandler.java:58) - java.net.SocketException: Connection reset
2021-03-08 00:21:29|INFO |Thread-4|onlinechat.servermultiusers.myserver.MyServer (MyServer.java:69) - Отключился клиент null
2021-03-08 00:21:29|INFO |Thread-4|onlinechat.servermultiusers.myserver.MyServer (MyServer.java:82) - Список активных клиентов:

2021-03-08 00:23:34|INFO |main|onlinechat.servermultiusers.myserver.MyServer (MyServer.java:35) - Клиент подключился, создаем указатель
2021-03-08 00:23:34|INFO |main|onlinechat.servermultiusers.myserver.MyServer (MyServer.java:33) - Ожидаем подключения пользователя
2021-03-08 00:23:34|INFO |Thread-5|onlinechat.servermultiusers.myserver.handler.ClientHandler (ClientHandler.java:73) - Устанавливаем тайм-аут сокета 120000 мс
2021-03-08 00:23:40|WARN |Thread-5|onlinechat.servermultiusers.myserver.handler.ClientHandler (ClientHandler.java:58) - java.net.SocketException: Connection reset
2021-03-08 00:23:40|INFO |Thread-5|onlinechat.servermultiusers.myserver.MyServer (MyServer.java:69) - Отключился клиент null
2021-03-08 00:23:40|INFO |Thread-5|onlinechat.servermultiusers.myserver.MyServer (MyServer.java:82) - Список активных клиентов:

2021-03-08 00:24:07|INFO |main|onlinechat.servermultiusers.myserver.MyServer (MyServer.java:35) - Клиент подключился, создаем указатель
2021-03-08 00:24:07|INFO |main|onlinechat.servermultiusers.myserver.MyServer (MyServer.java:33) - Ожидаем подключения пользователя
2021-03-08 00:24:07|INFO |Thread-6|onlinechat.servermultiusers.myserver.handler.ClientHandler (ClientHandler.java:73) - Устанавливаем тайм-аут сокета 120000 мс
2021-03-08 00:24:11|WARN |Thread-6|onlinechat.servermultiusers.myserver.handler.ClientHandler (ClientHandler.java:58) - java.net.SocketException: Connection reset
2021-03-08 00:24:11|INFO |Thread-6|onlinechat.servermultiusers.myserver.MyServer (MyServer.java:69) - Отключился клиент null
2021-03-08 00:24:11|INFO |Thread-6|onlinechat.servermultiusers.myserver.MyServer (MyServer.java:82) - Список активных клиентов:

2021-03-08 00:24:18|INFO |main|onlinechat.servermultiusers.myserver.MyServer (MyServer.java:35) - Клиент подключился, создаем указатель
2021-03-08 00:24:18|INFO |main|onlinechat.servermultiusers.myserver.MyServer (MyServer.java:33) - Ожидаем подключения пользователя
2021-03-08 00:24:18|INFO |Thread-7|onlinechat.servermultiusers.myserver.handler.ClientHandler (ClientHandler.java:73) - Устанавливаем тайм-аут сокета 120000 мс
2021-03-08 00:24:26|INFO |main|onlinechat.servermultiusers.ServerApp (ServerApp.java:17) - Запуск сервера
2021-03-08 00:24:26|INFO |main|onlinechat.servermultiusers.myserver.services.DBAuthAndLoginService (BaseAuthService.java:60) - Сервис аутентификации запущен
2021-03-08 00:24:26|INFO |main|onlinechat.servermultiusers.myserver.MyServer (MyServer.java:30) - Сервер запущен
2021-03-08 00:24:26|INFO |main|onlinechat.servermultiusers.myserver.MyServer (MyServer.java:33) - Ожидаем подключения пользователя
2021-03-08 00:24:37|INFO |main|onlinechat.servermultiusers.myserver.MyServer (MyServer.java:35) - Клиент подключился, создаем указатель
2021-03-08 00:24:37|INFO |main|onlinechat.servermultiusers.myserver.MyServer (MyServer.java:33) - Ожидаем подключения пользователя
2021-03-08 00:24:37|INFO |Thread-0|onlinechat.servermultiusers.myserver.handler.ClientHandler (ClientHandler.java:73) - Устанавливаем тайм-аут сокета 120000 мс
2021-03-08 00:24:44|INFO |Thread-0|onlinechat.servermultiusers.myserver.MyServer (MyServer.java:61) - Подключился клиент Андрей
2021-03-08 00:24:44|INFO |Thread-0|onlinechat.servermultiusers.myserver.MyServer (MyServer.java:82) - Список активных клиентов:
Андрей

2021-03-08 00:24:44|INFO |Thread-0|onlinechat.servermultiusers.myserver.handler.ClientHandler (ClientHandler.java:87) - Снимаем с сокета ограничение по тайм-ауту
2021-03-08 00:24:46|WARN |Thread-0|onlinechat.servermultiusers.myserver.handler.ClientHandler (ClientHandler.java:58) - java.net.SocketException: Connection reset
2021-03-08 00:24:46|INFO |Thread-0|onlinechat.servermultiusers.myserver.MyServer (MyServer.java:69) - Отключился клиент Андрей
2021-03-08 00:24:46|INFO |Thread-0|onlinechat.servermultiusers.myserver.MyServer (MyServer.java:82) - Список активных клиентов:

2021-03-08 00:25:29|INFO |main|onlinechat.servermultiusers.ServerApp (ServerApp.java:17) - Запуск сервера
2021-03-08 00:25:29|INFO |main|onlinechat.servermultiusers.myserver.services.DBAuthAndLoginService (BaseAuthService.java:60) - Сервис аутентификации запущен
2021-03-08 00:25:29|INFO |main|onlinechat.servermultiusers.myserver.MyServer (MyServer.java:30) - Сервер запущен
2021-03-08 00:25:29|INFO |main|onlinechat.servermultiusers.myserver.MyServer (MyServer.java:33) - Ожидаем подключения пользователя
2021-03-08 00:25:49|INFO |main|onlinechat.servermultiusers.myserver.MyServer (MyServer.java:35) - Клиент подключился, создаем указатель
2021-03-08 00:25:49|INFO |main|onlinechat.servermultiusers.myserver.MyServer (MyServer.java:33) - Ожидаем подключения пользователя
2021-03-08 00:25:49|INFO |Thread-0|onlinechat.servermultiusers.myserver.handler.ClientHandler (ClientHandler.java:73) - Устанавливаем тайм-аут сокета 120000 мс
2021-03-08 00:25:50|INFO |Thread-0|onlinechat.servermultiusers.myserver.MyServer (MyServer.java:61) - Подключился клиент Андрей
2021-03-08 00:25:50|INFO |Thread-0|onlinechat.servermultiusers.myserver.MyServer (MyServer.java:82) - Список активных клиентов:
Андрей

2021-03-08 00:25:50|INFO |Thread-0|onlinechat.servermultiusers.myserver.handler.ClientHandler (ClientHandler.java:87) - Снимаем с сокета ограничение по тайм-ауту
2021-03-08 00:25:53|WARN |Thread-0|onlinechat.servermultiusers.myserver.handler.ClientHandler (ClientHandler.java:58) - java.net.SocketException: Connection reset
2021-03-08 00:25:53|INFO |Thread-0|onlinechat.servermultiusers.myserver.MyServer (MyServer.java:69) - Отключился клиент Андрей
2021-03-08 00:25:53|INFO |Thread-0|onlinechat.servermultiusers.myserver.MyServer (MyServer.java:82) - Список активных клиентов:

2021-03-08 00:31:46|INFO |main|onlinechat.servermultiusers.myserver.MyServer (MyServer.java:35) - Клиент подключился, создаем указатель
2021-03-08 00:31:46|INFO |main|onlinechat.servermultiusers.myserver.MyServer (MyServer.java:33) - Ожидаем подключения пользователя
2021-03-08 00:31:46|INFO |Thread-1|onlinechat.servermultiusers.myserver.handler.ClientHandler (ClientHandler.java:73) - Устанавливаем тайм-аут сокета 120000 мс
2021-03-08 00:31:56|INFO |Thread-1|onlinechat.servermultiusers.myserver.MyServer (MyServer.java:61) - Подключился клиент Андрей
2021-03-08 00:31:56|INFO |Thread-1|onlinechat.servermultiusers.myserver.MyServer (MyServer.java:82) - Список активных клиентов:
Андрей

2021-03-08 00:31:56|INFO |Thread-1|onlinechat.servermultiusers.myserver.handler.ClientHandler (ClientHandler.java:87) - Снимаем с сокета ограничение по тайм-ауту
2021-03-08 00:31:58|WARN |Thread-1|onlinechat.servermultiusers.myserver.handler.ClientHandler (ClientHandler.java:58) - java.net.SocketException: Connection reset
2021-03-08 00:31:58|INFO |Thread-1|onlinechat.servermultiusers.myserver.MyServer (MyServer.java:69) - Отключился клиент Андрей
2021-03-08 00:31:58|INFO |Thread-1|onlinechat.servermultiusers.myserver.MyServer (MyServer.java:82) - Список активных клиентов:

2021-03-08 00:40:00|INFO |main|onlinechat.servermultiusers.myserver.MyServer (MyServer.java:35) - Клиент подключился, создаем указатель
2021-03-08 00:40:00|INFO |main|onlinechat.servermultiusers.myserver.MyServer (MyServer.java:33) - Ожидаем подключения пользователя
2021-03-08 00:40:00|INFO |Thread-2|onlinechat.servermultiusers.myserver.handler.ClientHandler (ClientHandler.java:73) - Устанавливаем тайм-аут сокета 120000 мс
2021-03-08 00:40:10|WARN |Thread-2|onlinechat.servermultiusers.myserver.handler.ClientHandler (ClientHandler.java:58) - java.net.SocketException: Connection reset
2021-03-08 00:40:10|INFO |Thread-2|onlinechat.servermultiusers.myserver.MyServer (MyServer.java:69) - Отключился клиент null
2021-03-08 00:40:10|INFO |Thread-2|onlinechat.servermultiusers.myserver.MyServer (MyServer.java:82) - Список активных клиентов:

2021-03-08 00:40:19|INFO |main|onlinechat.servermultiusers.myserver.MyServer (MyServer.java:35) - Клиент подключился, создаем указатель
2021-03-08 00:40:19|INFO |main|onlinechat.servermultiusers.myserver.MyServer (MyServer.java:33) - Ожидаем подключения пользователя
2021-03-08 00:40:19|INFO |Thread-3|onlinechat.servermultiusers.myserver.handler.ClientHandler (ClientHandler.java:73) - Устанавливаем тайм-аут сокета 120000 мс
2021-03-08 00:40:24|WARN |Thread-3|onlinechat.servermultiusers.myserver.handler.ClientHandler (ClientHandler.java:58) - java.net.SocketException: Connection reset
2021-03-08 00:40:24|INFO |Thread-3|onlinechat.servermultiusers.myserver.MyServer (MyServer.java:69) - Отключился клиент null
2021-03-08 00:40:24|INFO |Thread-3|onlinechat.servermultiusers.myserver.MyServer (MyServer.java:82) - Список активных клиентов:

2021-03-08 00:42:48|INFO |main|onlinechat.servermultiusers.myserver.MyServer (MyServer.java:35) - Клиент подключился, создаем указатель
2021-03-08 00:42:48|INFO |main|onlinechat.servermultiusers.myserver.MyServer (MyServer.java:33) - Ожидаем подключения пользователя
2021-03-08 00:42:48|INFO |Thread-4|onlinechat.servermultiusers.myserver.handler.ClientHandler (ClientHandler.java:73) - Устанавливаем тайм-аут сокета 120000 мс
2021-03-08 00:43:08|WARN |Thread-4|onlinechat.servermultiusers.myserver.handler.ClientHandler (ClientHandler.java:58) - java.net.SocketException: Connection reset
2021-03-08 00:43:08|INFO |Thread-4|onlinechat.servermultiusers.myserver.MyServer (MyServer.java:69) - Отключился клиент null
2021-03-08 00:43:08|INFO |Thread-4|onlinechat.servermultiusers.myserver.MyServer (MyServer.java:82) - Список активных клиентов:

2021-03-08 00:43:51|INFO |main|onlinechat.servermultiusers.myserver.MyServer (MyServer.java:35) - Клиент подключился, создаем указатель
2021-03-08 00:43:51|INFO |main|onlinechat.servermultiusers.myserver.MyServer (MyServer.java:33) - Ожидаем подключения пользователя
2021-03-08 00:43:51|INFO |Thread-5|onlinechat.servermultiusers.myserver.handler.ClientHandler (ClientHandler.java:73) - Устанавливаем тайм-аут сокета 120000 мс
2021-03-08 00:44:01|WARN |Thread-5|onlinechat.servermultiusers.myserver.handler.ClientHandler (ClientHandler.java:58) - java.net.SocketException: Connection reset
2021-03-08 00:44:01|INFO |Thread-5|onlinechat.servermultiusers.myserver.MyServer (MyServer.java:69) - Отключился клиент null
2021-03-08 00:44:01|INFO |Thread-5|onlinechat.servermultiusers.myserver.MyServer (MyServer.java:82) - Список активных клиентов:

2021-03-08 00:55:10|INFO |main|onlinechat.servermultiusers.myserver.MyServer (MyServer.java:35) - Клиент подключился, создаем указатель
2021-03-08 00:55:10|INFO |main|onlinechat.servermultiusers.myserver.MyServer (MyServer.java:33) - Ожидаем подключения пользователя
2021-03-08 00:55:10|INFO |Thread-6|onlinechat.servermultiusers.myserver.handler.ClientHandler (ClientHandler.java:73) - Устанавливаем тайм-аут сокета 120000 мс
2021-03-08 00:55:18|WARN |Thread-6|onlinechat.servermultiusers.myserver.handler.ClientHandler (ClientHandler.java:58) - java.net.SocketException: Connection reset
2021-03-08 00:55:18|INFO |Thread-6|onlinechat.servermultiusers.myserver.MyServer (MyServer.java:69) - Отключился клиент null
2021-03-08 00:55:18|INFO |Thread-6|onlinechat.servermultiusers.myserver.MyServer (MyServer.java:82) - Список активных клиентов:

2021-03-08 01:03:54|INFO |main|onlinechat.servermultiusers.ServerApp (ServerApp.java:17) - Запуск сервера
2021-03-08 01:03:54|INFO |main|onlinechat.servermultiusers.myserver.services.DBAuthAndLoginService (BaseAuthService.java:60) - Сервис аутентификации запущен
2021-03-08 01:03:54|INFO |main|onlinechat.servermultiusers.myserver.MyServer (MyServer.java:30) - Сервер запущен
2021-03-08 01:03:54|INFO |main|onlinechat.servermultiusers.myserver.MyServer (MyServer.java:33) - Ожидаем подключения пользователя
2021-03-08 01:04:02|INFO |main|onlinechat.servermultiusers.myserver.MyServer (MyServer.java:35) - Клиент подключился, создаем указатель
2021-03-08 01:04:02|INFO |main|onlinechat.servermultiusers.myserver.MyServer (MyServer.java:33) - Ожидаем подключения пользователя
2021-03-08 01:04:02|INFO |Thread-0|onlinechat.servermultiusers.myserver.handler.ClientHandler (ClientHandler.java:73) - Устанавливаем тайм-аут сокета 120000 мс
2021-03-08 01:04:09|WARN |Thread-0|onlinechat.servermultiusers.myserver.handler.ClientHandler (ClientHandler.java:58) - java.net.SocketException: Connection reset
2021-03-08 01:04:09|INFO |Thread-0|onlinechat.servermultiusers.myserver.MyServer (MyServer.java:69) - Отключился клиент null
2021-03-08 01:04:09|INFO |Thread-0|onlinechat.servermultiusers.myserver.MyServer (MyServer.java:82) - Список активных клиентов:

2021-03-08 01:04:36|INFO |main|onlinechat.servermultiusers.myserver.MyServer (MyServer.java:35) - Клиент подключился, создаем указатель
2021-03-08 01:04:36|INFO |main|onlinechat.servermultiusers.myserver.MyServer (MyServer.java:33) - Ожидаем подключения пользователя
2021-03-08 01:04:36|INFO |Thread-1|onlinechat.servermultiusers.myserver.handler.ClientHandler (ClientHandler.java:73) - Устанавливаем тайм-аут сокета 120000 мс
2021-03-08 01:04:56|WARN |Thread-1|onlinechat.servermultiusers.myserver.handler.ClientHandler (ClientHandler.java:58) - java.net.SocketException: Connection reset
2021-03-08 01:04:56|INFO |Thread-1|onlinechat.servermultiusers.myserver.MyServer (MyServer.java:69) - Отключился клиент null
2021-03-08 01:04:56|INFO |Thread-1|onlinechat.servermultiusers.myserver.MyServer (MyServer.java:82) - Список активных клиентов:

2021-03-08 01:05:46|INFO |main|onlinechat.servermultiusers.ServerApp (ServerApp.java:17) - Запуск сервера
2021-03-08 01:05:46|INFO |main|onlinechat.servermultiusers.myserver.services.DBAuthAndLoginService (BaseAuthService.java:60) - Сервис аутентификации запущен
2021-03-08 01:05:46|INFO |main|onlinechat.servermultiusers.myserver.MyServer (MyServer.java:30) - Сервер запущен
2021-03-08 01:05:46|INFO |main|onlinechat.servermultiusers.myserver.MyServer (MyServer.java:33) - Ожидаем подключения пользователя
2021-03-08 01:05:53|INFO |main|onlinechat.servermultiusers.myserver.MyServer (MyServer.java:35) - Клиент подключился, создаем указатель
2021-03-08 01:05:53|INFO |main|onlinechat.servermultiusers.myserver.MyServer (MyServer.java:33) - Ожидаем подключения пользователя
2021-03-08 01:05:53|INFO |Thread-0|onlinechat.servermultiusers.myserver.handler.ClientHandler (ClientHandler.java:73) - Устанавливаем тайм-аут сокета 120000 мс
2021-03-08 01:05:53|INFO |Thread-0|onlinechat.servermultiusers.myserver.MyServer (MyServer.java:61) - Подключился клиент Андрей
2021-03-08 01:05:53|INFO |Thread-0|onlinechat.servermultiusers.myserver.MyServer (MyServer.java:82) - Список активных клиентов:
Андрей

2021-03-08 01:05:53|INFO |Thread-0|onlinechat.servermultiusers.myserver.handler.ClientHandler (ClientHandler.java:87) - Снимаем с сокета ограничение по тайм-ауту
2021-03-08 01:05:58|WARN |Thread-0|onlinechat.servermultiusers.myserver.handler.ClientHandler (ClientHandler.java:58) - java.net.SocketException: Connection reset
2021-03-08 01:05:58|INFO |Thread-0|onlinechat.servermultiusers.myserver.MyServer (MyServer.java:69) - Отключился клиент Андрей
2021-03-08 01:05:58|INFO |Thread-0|onlinechat.servermultiusers.myserver.MyServer (MyServer.java:82) - Список активных клиентов:

2021-03-08 01:06:09|INFO |main|onlinechat.servermultiusers.myserver.MyServer (MyServer.java:35) - Клиент подключился, создаем указатель
2021-03-08 01:06:09|INFO |main|onlinechat.servermultiusers.myserver.MyServer (MyServer.java:33) - Ожидаем подключения пользователя
2021-03-08 01:06:09|INFO |Thread-1|onlinechat.servermultiusers.myserver.handler.ClientHandler (ClientHandler.java:73) - Устанавливаем тайм-аут сокета 120000 мс
2021-03-08 01:06:09|INFO |Thread-1|onlinechat.servermultiusers.myserver.MyServer (MyServer.java:61) - Подключился клиент Иван
2021-03-08 01:06:09|INFO |Thread-1|onlinechat.servermultiusers.myserver.MyServer (MyServer.java:82) - Список активных клиентов:
Иван

2021-03-08 01:06:09|INFO |Thread-1|onlinechat.servermultiusers.myserver.handler.ClientHandler (ClientHandler.java:87) - Снимаем с сокета ограничение по тайм-ауту
2021-03-08 01:06:14|WARN |Thread-1|onlinechat.servermultiusers.myserver.handler.ClientHandler (ClientHandler.java:58) - java.net.SocketException: Connection reset
2021-03-08 01:06:14|INFO |Thread-1|onlinechat.servermultiusers.myserver.MyServer (MyServer.java:69) - Отключился клиент Иван
2021-03-08 01:06:14|INFO |Thread-1|onlinechat.servermultiusers.myserver.MyServer (MyServer.java:82) - Список активных клиентов:

2021-03-08 01:14:58|INFO |main|onlinechat.servermultiusers.ServerApp (ServerApp.java:17) - Запуск сервера
2021-03-08 01:14:58|INFO |main|onlinechat.servermultiusers.myserver.services.DBAuthAndLoginService (BaseAuthAndLoginService.java:60) - Сервис аутентификации запущен
2021-03-08 01:14:58|INFO |main|onlinechat.servermultiusers.myserver.MyServer (MyServer.java:30) - Сервер запущен
2021-03-08 01:14:58|INFO |main|onlinechat.servermultiusers.myserver.MyServer (MyServer.java:33) - Ожидаем подключения пользователя
2021-03-08 01:15:09|INFO |main|onlinechat.servermultiusers.myserver.MyServer (MyServer.java:35) - Клиент подключился, создаем указатель
2021-03-08 01:15:09|INFO |main|onlinechat.servermultiusers.myserver.MyServer (MyServer.java:33) - Ожидаем подключения пользователя
2021-03-08 01:15:09|INFO |Thread-0|onlinechat.servermultiusers.myserver.handler.ClientHandler (ClientHandler.java:73) - Устанавливаем тайм-аут сокета 120000 мс
2021-03-08 01:15:58|INFO |main|onlinechat.servermultiusers.myserver.MyServer (MyServer.java:35) - Клиент подключился, создаем указатель
2021-03-08 01:15:58|INFO |main|onlinechat.servermultiusers.myserver.MyServer (MyServer.java:33) - Ожидаем подключения пользователя
2021-03-08 01:15:58|INFO |Thread-1|onlinechat.servermultiusers.myserver.handler.ClientHandler (ClientHandler.java:73) - Устанавливаем тайм-аут сокета 120000 мс
2021-03-08 01:16:02|WARN |Thread-1|onlinechat.servermultiusers.myserver.handler.ClientHandler (ClientHandler.java:58) - java.net.SocketException: Connection reset
2021-03-08 01:16:02|INFO |Thread-1|onlinechat.servermultiusers.myserver.MyServer (MyServer.java:69) - Отключился клиент null
2021-03-08 01:16:02|INFO |Thread-1|onlinechat.servermultiusers.myserver.MyServer (MyServer.java:82) - Список активных клиентов:

2021-03-08 01:16:06|INFO |main|onlinechat.servermultiusers.ServerApp (ServerApp.java:17) - Запуск сервера
2021-03-08 01:16:06|INFO |main|onlinechat.servermultiusers.myserver.services.DBAuthAndLoginService (DBAuthAndLoginService.java:60) - Сервис аутентификации запущен
2021-03-08 01:16:06|INFO |main|onlinechat.servermultiusers.myserver.MyServer (MyServer.java:30) - Сервер запущен
2021-03-08 01:16:06|INFO |main|onlinechat.servermultiusers.myserver.MyServer (MyServer.java:33) - Ожидаем подключения пользователя
2021-03-08 01:16:11|INFO |main|onlinechat.servermultiusers.myserver.MyServer (MyServer.java:35) - Клиент подключился, создаем указатель
2021-03-08 01:16:11|INFO |main|onlinechat.servermultiusers.myserver.MyServer (MyServer.java:33) - Ожидаем подключения пользователя
2021-03-08 01:16:11|INFO |Thread-0|onlinechat.servermultiusers.myserver.handler.ClientHandler (ClientHandler.java:73) - Устанавливаем тайм-аут сокета 120000 мс
2021-03-08 01:16:19|INFO |Thread-0|onlinechat.servermultiusers.myserver.MyServer (MyServer.java:61) - Подключился клиент Андрей
2021-03-08 01:16:19|INFO |Thread-0|onlinechat.servermultiusers.myserver.MyServer (MyServer.java:82) - Список активных клиентов:
Андрей

2021-03-08 01:16:19|INFO |Thread-0|onlinechat.servermultiusers.myserver.handler.ClientHandler (ClientHandler.java:87) - Снимаем с сокета ограничение по тайм-ауту
2021-03-08 01:16:29|WARN |Thread-0|onlinechat.servermultiusers.myserver.handler.ClientHandler (ClientHandler.java:58) - java.net.SocketException: Connection reset
2021-03-08 01:16:29|INFO |Thread-0|onlinechat.servermultiusers.myserver.MyServer (MyServer.java:69) - Отключился клиент Андрей
2021-03-08 01:16:29|INFO |Thread-0|onlinechat.servermultiusers.myserver.MyServer (MyServer.java:82) - Список активных клиентов:

2021-03-08 01:23:51|INFO |main|onlinechat.servermultiusers.myserver.MyServer (MyServer.java:35) - Клиент подключился, создаем указатель
2021-03-08 01:23:51|INFO |main|onlinechat.servermultiusers.myserver.MyServer (MyServer.java:33) - Ожидаем подключения пользователя
2021-03-08 01:23:51|INFO |Thread-1|onlinechat.servermultiusers.myserver.handler.ClientHandler (ClientHandler.java:73) - Устанавливаем тайм-аут сокета 120000 мс
2021-03-08 01:23:57|INFO |Thread-1|onlinechat.servermultiusers.myserver.MyServer (MyServer.java:61) - Подключился клиент Андрей
2021-03-08 01:23:57|INFO |Thread-1|onlinechat.servermultiusers.myserver.MyServer (MyServer.java:82) - Список активных клиентов:
Андрей

2021-03-08 01:23:57|INFO |Thread-1|onlinechat.servermultiusers.myserver.handler.ClientHandler (ClientHandler.java:87) - Снимаем с сокета ограничение по тайм-ауту
2021-03-08 01:24:13|WARN |Thread-1|onlinechat.servermultiusers.myserver.handler.ClientHandler (ClientHandler.java:58) - java.net.SocketException: Connection reset
2021-03-08 01:24:13|INFO |Thread-1|onlinechat.servermultiusers.myserver.MyServer (MyServer.java:69) - Отключился клиент Андрей
2021-03-08 01:24:13|INFO |Thread-1|onlinechat.servermultiusers.myserver.MyServer (MyServer.java:82) - Список активных клиентов:

2021-03-08 01:26:17|INFO |main|onlinechat.servermultiusers.myserver.MyServer (MyServer.java:35) - Клиент подключился, создаем указатель
2021-03-08 01:26:17|INFO |main|onlinechat.servermultiusers.myserver.MyServer (MyServer.java:33) - Ожидаем подключения пользователя
2021-03-08 01:26:17|INFO |Thread-2|onlinechat.servermultiusers.myserver.handler.ClientHandler (ClientHandler.java:73) - Устанавливаем тайм-аут сокета 120000 мс
2021-03-08 01:26:17|INFO |Thread-2|onlinechat.servermultiusers.myserver.MyServer (MyServer.java:61) - Подключился клиент Андрей
2021-03-08 01:26:17|INFO |Thread-2|onlinechat.servermultiusers.myserver.MyServer (MyServer.java:82) - Список активных клиентов:
Андрей

2021-03-08 01:26:17|INFO |Thread-2|onlinechat.servermultiusers.myserver.handler.ClientHandler (ClientHandler.java:87) - Снимаем с сокета ограничение по тайм-ауту
2021-03-08 01:26:26|WARN |Thread-2|onlinechat.servermultiusers.myserver.handler.ClientHandler (ClientHandler.java:58) - java.net.SocketException: Connection reset
2021-03-08 01:26:26|INFO |Thread-2|onlinechat.servermultiusers.myserver.MyServer (MyServer.java:69) - Отключился клиент Андрей
2021-03-08 01:26:26|INFO |Thread-2|onlinechat.servermultiusers.myserver.MyServer (MyServer.java:82) - Список активных клиентов:

2021-03-08 01:28:07|INFO |main|onlinechat.servermultiusers.myserver.MyServer (MyServer.java:35) - Клиент подключился, создаем указатель
2021-03-08 01:28:07|INFO |main|onlinechat.servermultiusers.myserver.MyServer (MyServer.java:33) - Ожидаем подключения пользователя
2021-03-08 01:28:07|INFO |Thread-3|onlinechat.servermultiusers.myserver.handler.ClientHandler (ClientHandler.java:73) - Устанавливаем тайм-аут сокета 120000 мс
2021-03-08 01:28:07|INFO |Thread-3|onlinechat.servermultiusers.myserver.MyServer (MyServer.java:61) - Подключился клиент Андрей
2021-03-08 01:28:07|INFO |Thread-3|onlinechat.servermultiusers.myserver.MyServer (MyServer.java:82) - Список активных клиентов:
Андрей

2021-03-08 01:28:07|INFO |Thread-3|onlinechat.servermultiusers.myserver.handler.ClientHandler (ClientHandler.java:87) - Снимаем с сокета ограничение по тайм-ауту
2021-03-08 01:28:16|WARN |Thread-3|onlinechat.servermultiusers.myserver.handler.ClientHandler (ClientHandler.java:58) - java.net.SocketException: Connection reset
2021-03-08 01:28:16|INFO |Thread-3|onlinechat.servermultiusers.myserver.MyServer (MyServer.java:69) - Отключился клиент Андрей
2021-03-08 01:28:16|INFO |Thread-3|onlinechat.servermultiusers.myserver.MyServer (MyServer.java:82) - Список активных клиентов:

2021-03-08 01:28:29|INFO |main|onlinechat.servermultiusers.myserver.MyServer (MyServer.java:35) - Клиент подключился, создаем указатель
2021-03-08 01:28:29|INFO |main|onlinechat.servermultiusers.myserver.MyServer (MyServer.java:33) - Ожидаем подключения пользователя
2021-03-08 01:28:29|INFO |Thread-4|onlinechat.servermultiusers.myserver.handler.ClientHandler (ClientHandler.java:73) - Устанавливаем тайм-аут сокета 120000 мс
2021-03-08 01:28:29|INFO |Thread-4|onlinechat.servermultiusers.myserver.MyServer (MyServer.java:61) - Подключился клиент Андрей
2021-03-08 01:28:29|INFO |Thread-4|onlinechat.servermultiusers.myserver.MyServer (MyServer.java:82) - Список активных клиентов:
Андрей

2021-03-08 01:28:29|INFO |Thread-4|onlinechat.servermultiusers.myserver.handler.ClientHandler (ClientHandler.java:87) - Снимаем с сокета ограничение по тайм-ауту
2021-03-08 01:28:34|WARN |Thread-4|onlinechat.servermultiusers.myserver.handler.ClientHandler (ClientHandler.java:58) - java.net.SocketException: Connection reset
2021-03-08 01:28:34|INFO |Thread-4|onlinechat.servermultiusers.myserver.MyServer (MyServer.java:69) - Отключился клиент Андрей
2021-03-08 01:28:34|INFO |Thread-4|onlinechat.servermultiusers.myserver.MyServer (MyServer.java:82) - Список активных клиентов:

2021-03-08 01:29:10|INFO |main|onlinechat.servermultiusers.myserver.MyServer (MyServer.java:35) - Клиент подключился, создаем указатель
2021-03-08 01:29:10|INFO |main|onlinechat.servermultiusers.myserver.MyServer (MyServer.java:33) - Ожидаем подключения пользователя
2021-03-08 01:29:10|INFO |Thread-5|onlinechat.servermultiusers.myserver.handler.ClientHandler (ClientHandler.java:73) - Устанавливаем тайм-аут сокета 120000 мс
2021-03-08 01:29:10|INFO |Thread-5|onlinechat.servermultiusers.myserver.MyServer (MyServer.java:61) - Подключился клиент Андрей
2021-03-08 01:29:10|INFO |Thread-5|onlinechat.servermultiusers.myserver.MyServer (MyServer.java:82) - Список активных клиентов:
Андрей

2021-03-08 01:29:10|INFO |Thread-5|onlinechat.servermultiusers.myserver.handler.ClientHandler (ClientHandler.java:87) - Снимаем с сокета ограничение по тайм-ауту
2021-03-08 01:29:28|WARN |Thread-5|onlinechat.servermultiusers.myserver.handler.ClientHandler (ClientHandler.java:58) - java.net.SocketException: Connection reset
2021-03-08 01:29:28|INFO |Thread-5|onlinechat.servermultiusers.myserver.MyServer (MyServer.java:69) - Отключился клиент Андрей
2021-03-08 01:29:28|INFO |Thread-5|onlinechat.servermultiusers.myserver.MyServer (MyServer.java:82) - Список активных клиентов:

2021-03-08 01:30:02|INFO |main|onlinechat.servermultiusers.myserver.MyServer (MyServer.java:35) - Клиент подключился, создаем указатель
2021-03-08 01:30:02|INFO |main|onlinechat.servermultiusers.myserver.MyServer (MyServer.java:33) - Ожидаем подключения пользователя
2021-03-08 01:30:02|INFO |Thread-6|onlinechat.servermultiusers.myserver.handler.ClientHandler (ClientHandler.java:73) - Устанавливаем тайм-аут сокета 120000 мс
2021-03-08 01:30:02|INFO |Thread-6|onlinechat.servermultiusers.myserver.MyServer (MyServer.java:61) - Подключился клиент Андрей
2021-03-08 01:30:02|INFO |Thread-6|onlinechat.servermultiusers.myserver.MyServer (MyServer.java:82) - Список активных клиентов:
Андрей

2021-03-08 01:30:02|INFO |Thread-6|onlinechat.servermultiusers.myserver.handler.ClientHandler (ClientHandler.java:87) - Снимаем с сокета ограничение по тайм-ауту
2021-03-08 01:30:09|WARN |Thread-6|onlinechat.servermultiusers.myserver.handler.ClientHandler (ClientHandler.java:58) - java.net.SocketException: Connection reset
2021-03-08 01:30:09|INFO |Thread-6|onlinechat.servermultiusers.myserver.MyServer (MyServer.java:69) - Отключился клиент Андрей
2021-03-08 01:30:09|INFO |Thread-6|onlinechat.servermultiusers.myserver.MyServer (MyServer.java:82) - Список активных клиентов:

2021-03-08 01:30:45|INFO |main|onlinechat.servermultiusers.myserver.MyServer (MyServer.java:35) - Клиент подключился, создаем указатель
2021-03-08 01:30:45|INFO |main|onlinechat.servermultiusers.myserver.MyServer (MyServer.java:33) - Ожидаем подключения пользователя
2021-03-08 01:30:45|INFO |Thread-7|onlinechat.servermultiusers.myserver.handler.ClientHandler (ClientHandler.java:73) - Устанавливаем тайм-аут сокета 120000 мс
2021-03-08 01:30:45|INFO |Thread-7|onlinechat.servermultiusers.myserver.MyServer (MyServer.java:61) - Подключился клиент Андрей
2021-03-08 01:30:45|INFO |Thread-7|onlinechat.servermultiusers.myserver.MyServer (MyServer.java:82) - Список активных клиентов:
Андрей

2021-03-08 01:30:45|INFO |Thread-7|onlinechat.servermultiusers.myserver.handler.ClientHandler (ClientHandler.java:87) - Снимаем с сокета ограничение по тайм-ауту
2021-03-08 01:31:05|WARN |Thread-7|onlinechat.servermultiusers.myserver.handler.ClientHandler (ClientHandler.java:58) - java.net.SocketException: Connection reset
2021-03-08 01:31:05|INFO |Thread-7|onlinechat.servermultiusers.myserver.MyServer (MyServer.java:69) - Отключился клиент Андрей
2021-03-08 01:31:05|INFO |Thread-7|onlinechat.servermultiusers.myserver.MyServer (MyServer.java:82) - Список активных клиентов:

2021-03-08 01:43:45|INFO |main|onlinechat.servermultiusers.ServerApp (ServerApp.java:17) - Запуск сервера
2021-03-08 01:43:45|INFO |main|onlinechat.servermultiusers.myserver.services.DBAuthAndLoginService (DBAuthAndLoginService.java:60) - Сервис аутентификации запущен
2021-03-08 01:43:45|INFO |main|onlinechat.servermultiusers.myserver.MyServer (MyServer.java:30) - Сервер запущен
2021-03-08 01:43:45|INFO |main|onlinechat.servermultiusers.myserver.MyServer (MyServer.java:33) - Ожидаем подключения пользователя
2021-03-08 01:44:02|INFO |main|onlinechat.servermultiusers.myserver.MyServer (MyServer.java:35) - Клиент подключился, создаем указатель
2021-03-08 01:44:02|INFO |main|onlinechat.servermultiusers.myserver.MyServer (MyServer.java:33) - Ожидаем подключения пользователя
2021-03-08 01:44:02|INFO |Thread-0|onlinechat.servermultiusers.myserver.handler.ClientHandler (ClientHandler.java:73) - Устанавливаем тайм-аут сокета 120000 мс
2021-03-08 01:44:55|WARN |Thread-0|onlinechat.servermultiusers.myserver.handler.ClientHandler (ClientHandler.java:58) - java.net.SocketException: Connection reset
2021-03-08 01:44:55|INFO |Thread-0|onlinechat.servermultiusers.myserver.MyServer (MyServer.java:69) - Отключился клиент null
2021-03-08 01:44:55|INFO |Thread-0|onlinechat.servermultiusers.myserver.MyServer (MyServer.java:82) - Список активных клиентов:

2021-03-08 01:53:17|INFO |main|onlinechat.servermultiusers.myserver.MyServer (MyServer.java:35) - Клиент подключился, создаем указатель
2021-03-08 01:53:17|INFO |main|onlinechat.servermultiusers.myserver.MyServer (MyServer.java:33) - Ожидаем подключения пользователя
2021-03-08 01:53:17|INFO |Thread-1|onlinechat.servermultiusers.myserver.handler.ClientHandler (ClientHandler.java:73) - Устанавливаем тайм-аут сокета 120000 мс
2021-03-08 01:53:18|INFO |Thread-1|onlinechat.servermultiusers.myserver.MyServer (MyServer.java:61) - Подключился клиент Андрей
2021-03-08 01:53:18|INFO |Thread-1|onlinechat.servermultiusers.myserver.MyServer (MyServer.java:82) - Список активных клиентов:
Андрей

2021-03-08 01:53:18|INFO |Thread-1|onlinechat.servermultiusers.myserver.handler.ClientHandler (ClientHandler.java:87) - Снимаем с сокета ограничение по тайм-ауту
2021-03-08 01:53:20|WARN |Thread-1|onlinechat.servermultiusers.myserver.handler.ClientHandler (ClientHandler.java:58) - java.net.SocketException: Connection reset
2021-03-08 01:53:20|INFO |Thread-1|onlinechat.servermultiusers.myserver.MyServer (MyServer.java:69) - Отключился клиент Андрей
2021-03-08 01:53:20|INFO |Thread-1|onlinechat.servermultiusers.myserver.MyServer (MyServer.java:82) - Список активных клиентов:

2021-03-08 12:47:24|INFO |main|onlinechat.servermultiusers.ServerApp (ServerApp.java:17) - Запуск сервера
2021-03-08 12:47:24|INFO |main|onlinechat.servermultiusers.myserver.services.DBAuthAndLoginService (DBAuthAndLoginService.java:60) - Сервис аутентификации запущен
2021-03-08 12:47:24|INFO |main|onlinechat.servermultiusers.myserver.MyServer (MyServer.java:30) - Сервер запущен
2021-03-08 12:47:24|INFO |main|onlinechat.servermultiusers.myserver.MyServer (MyServer.java:33) - Ожидаем подключения пользователя
2021-03-08 12:48:08|INFO |main|onlinechat.servermultiusers.myserver.MyServer (MyServer.java:35) - Клиент подключился, создаем указатель
2021-03-08 12:48:08|INFO |main|onlinechat.servermultiusers.myserver.MyServer (MyServer.java:33) - Ожидаем подключения пользователя
2021-03-08 12:48:08|INFO |Thread-0|onlinechat.servermultiusers.myserver.handler.ClientHandler (ClientHandler.java:73) - Устанавливаем тайм-аут сокета 120000 мс
2021-03-08 12:48:08|INFO |Thread-0|onlinechat.servermultiusers.myserver.MyServer (MyServer.java:61) - Подключился клиент Андрей
2021-03-08 12:48:08|INFO |Thread-0|onlinechat.servermultiusers.myserver.MyServer (MyServer.java:82) - Список активных клиентов:
Андрей

2021-03-08 12:48:08|INFO |Thread-0|onlinechat.servermultiusers.myserver.handler.ClientHandler (ClientHandler.java:87) - Снимаем с сокета ограничение по тайм-ауту
2021-03-08 12:48:12|WARN |Thread-0|onlinechat.servermultiusers.myserver.handler.ClientHandler (ClientHandler.java:58) - java.net.SocketException: Connection reset
2021-03-08 12:48:12|INFO |Thread-0|onlinechat.servermultiusers.myserver.MyServer (MyServer.java:69) - Отключился клиент Андрей
2021-03-08 12:48:12|INFO |Thread-0|onlinechat.servermultiusers.myserver.MyServer (MyServer.java:82) - Список активных клиентов:

2021-03-08 12:51:26|INFO |main|onlinechat.servermultiusers.myserver.MyServer (MyServer.java:35) - Клиент подключился, создаем указатель
2021-03-08 12:51:26|INFO |main|onlinechat.servermultiusers.myserver.MyServer (MyServer.java:33) - Ожидаем подключения пользователя
2021-03-08 12:51:26|INFO |Thread-1|onlinechat.servermultiusers.myserver.handler.ClientHandler (ClientHandler.java:73) - Устанавливаем тайм-аут сокета 120000 мс
2021-03-08 12:51:35|INFO |main|onlinechat.servermultiusers.ServerApp (ServerApp.java:17) - Запуск сервера
2021-03-08 12:51:35|INFO |main|onlinechat.servermultiusers.myserver.services.DBAuthAndLoginService (DBAuthAndLoginService.java:60) - Сервис аутентификации запущен
2021-03-08 12:51:35|INFO |main|onlinechat.servermultiusers.myserver.MyServer (MyServer.java:30) - Сервер запущен
2021-03-08 12:51:35|INFO |main|onlinechat.servermultiusers.myserver.MyServer (MyServer.java:33) - Ожидаем подключения пользователя
2021-03-08 12:51:53|INFO |main|onlinechat.servermultiusers.myserver.MyServer (MyServer.java:35) - Клиент подключился, создаем указатель
2021-03-08 12:51:53|INFO |main|onlinechat.servermultiusers.myserver.MyServer (MyServer.java:33) - Ожидаем подключения пользователя
2021-03-08 12:51:53|INFO |Thread-0|onlinechat.servermultiusers.myserver.handler.ClientHandler (ClientHandler.java:73) - Устанавливаем тайм-аут сокета 120000 мс
2021-03-08 12:52:01|INFO |Thread-0|onlinechat.servermultiusers.myserver.MyServer (MyServer.java:61) - Подключился клиент Андрей
2021-03-08 12:52:01|INFO |Thread-0|onlinechat.servermultiusers.myserver.MyServer (MyServer.java:82) - Список активных клиентов:
Андрей

2021-03-08 12:52:01|INFO |Thread-0|onlinechat.servermultiusers.myserver.handler.ClientHandler (ClientHandler.java:87) - Снимаем с сокета ограничение по тайм-ауту
2021-03-08 12:52:20|WARN |Thread-0|onlinechat.servermultiusers.myserver.handler.ClientHandler (ClientHandler.java:58) - java.net.SocketException: Connection reset
2021-03-08 12:52:20|INFO |Thread-0|onlinechat.servermultiusers.myserver.MyServer (MyServer.java:69) - Отключился клиент Андрей
2021-03-08 12:52:20|INFO |Thread-0|onlinechat.servermultiusers.myserver.MyServer (MyServer.java:82) - Список активных клиентов:

2021-03-08 13:08:32|INFO |main|onlinechat.servermultiusers.myserver.MyServer (MyServer.java:35) - Клиент подключился, создаем указатель
2021-03-08 13:08:32|INFO |main|onlinechat.servermultiusers.myserver.MyServer (MyServer.java:33) - Ожидаем подключения пользователя
2021-03-08 13:08:32|INFO |Thread-1|onlinechat.servermultiusers.myserver.handler.ClientHandler (ClientHandler.java:73) - Устанавливаем тайм-аут сокета 120000 мс
2021-03-08 13:08:37|INFO |Thread-1|onlinechat.servermultiusers.myserver.MyServer (MyServer.java:61) - Подключился клиент Андрей
2021-03-08 13:08:37|INFO |Thread-1|onlinechat.servermultiusers.myserver.MyServer (MyServer.java:82) - Список активных клиентов:
Андрей

2021-03-08 13:08:37|INFO |Thread-1|onlinechat.servermultiusers.myserver.handler.ClientHandler (ClientHandler.java:87) - Снимаем с сокета ограничение по тайм-ауту
2021-03-08 13:08:44|WARN |Thread-1|onlinechat.servermultiusers.myserver.handler.ClientHandler (ClientHandler.java:58) - java.net.SocketException: Connection reset
2021-03-08 13:08:44|INFO |Thread-1|onlinechat.servermultiusers.myserver.MyServer (MyServer.java:69) - Отключился клиент Андрей
2021-03-08 13:08:44|INFO |Thread-1|onlinechat.servermultiusers.myserver.MyServer (MyServer.java:82) - Список активных клиентов:

