2021-02-26 00:00:05|INFO |main|onlinechat.servermultiusers.myserver.authservice.BaseAuthService (BaseAuthService.java:60) - Сервис аутентификации запущен
2021-02-26 00:00:05|INFO |main|onlinechat.servermultiusers.myserver.MyServer (MyServer.java:30) - Сервер запущен
2021-02-26 00:00:05|INFO |main|onlinechat.servermultiusers.myserver.MyServer (MyServer.java:33) - Ожидаем подключения пользователя
2021-02-26 00:00:08|INFO |main|onlinechat.servermultiusers.myserver.MyServer (MyServer.java:35) - Клиент подключился, создаем указатель
2021-02-26 00:00:08|INFO |main|onlinechat.servermultiusers.myserver.MyServer (MyServer.java:33) - Ожидаем подключения пользователя
2021-02-26 00:00:08|INFO |Thread-0|onlinechat.servermultiusers.myserver.handler.ClientHandler (ClientHandler.java:73) - Устанавливаем тайм-аут сокета 120000 мс
2021-02-26 00:00:15|INFO |Thread-0|onlinechat.servermultiusers.myserver.MyServer (MyServer.java:61) - Подключился клиент Андрей
2021-02-26 00:00:15|INFO |Thread-0|onlinechat.servermultiusers.myserver.MyServer (MyServer.java:82) - Список активных клиентов:
Андрей

2021-02-26 00:00:15|INFO |Thread-0|onlinechat.servermultiusers.myserver.handler.ClientHandler (ClientHandler.java:87) - Снимаем с сокета ограничение по тайм-ауту
2021-02-26 00:00:20|INFO |main|onlinechat.servermultiusers.myserver.MyServer (MyServer.java:35) - Клиент подключился, создаем указатель
2021-02-26 00:00:20|INFO |main|onlinechat.servermultiusers.myserver.MyServer (MyServer.java:33) - Ожидаем подключения пользователя
2021-02-26 00:00:20|INFO |Thread-1|onlinechat.servermultiusers.myserver.handler.ClientHandler (ClientHandler.java:73) - Устанавливаем тайм-аут сокета 120000 мс
2021-02-26 00:00:26|INFO |Thread-1|onlinechat.servermultiusers.myserver.MyServer (MyServer.java:61) - Подключился клиент Иван
2021-02-26 00:00:26|INFO |Thread-1|onlinechat.servermultiusers.myserver.MyServer (MyServer.java:82) - Список активных клиентов:
Андрей
Иван

2021-02-26 00:00:26|INFO |Thread-1|onlinechat.servermultiusers.myserver.handler.ClientHandler (ClientHandler.java:87) - Снимаем с сокета ограничение по тайм-ауту
2021-02-26 00:00:33|WARN |Thread-1|onlinechat.servermultiusers.myserver.handler.ClientHandler (ClientHandler.java:58) - java.net.SocketException: Connection reset
2021-02-26 00:00:33|INFO |Thread-1|onlinechat.servermultiusers.myserver.MyServer (MyServer.java:69) - Отключился клиент Иван
2021-02-26 00:00:33|INFO |Thread-1|onlinechat.servermultiusers.myserver.MyServer (MyServer.java:82) - Список активных клиентов:
Андрей

2021-02-26 00:00:35|WARN |Thread-0|onlinechat.servermultiusers.myserver.handler.ClientHandler (ClientHandler.java:58) - java.net.SocketException: Connection reset
2021-02-26 00:00:35|INFO |Thread-0|onlinechat.servermultiusers.myserver.MyServer (MyServer.java:69) - Отключился клиент Андрей
2021-02-26 00:00:35|INFO |Thread-0|onlinechat.servermultiusers.myserver.MyServer (MyServer.java:82) - Список активных клиентов:

