2021-03-07 16:31:49|INFO |JavaFX Application Thread|onlinechat.client.ChatClientApp (ChatClientApp.java:34) - Запуск клиента
2021-03-07 16:33:14|INFO |JavaFX Application Thread|onlinechat.client.ChatClientApp (ChatClientApp.java:34) - Запуск клиента
2021-03-07 16:38:11|INFO |JavaFX Application Thread|onlinechat.client.ChatClientApp (ChatClientApp.java:34) - Запуск клиента
2021-03-07 16:38:11|INFO |JavaFX Application Thread|onlinechat.client.ChatClientApp (ChatClientApp.java:47) - Запуск окна аутентификации
2021-03-07 16:38:12|INFO |JavaFX Application Thread|onlinechat.client.ChatClientApp (ChatClientApp.java:65) - Создание основного окна чата
2021-03-07 16:40:18|INFO |JavaFX Application Thread|onlinechat.client.ChatClientApp (ChatClientApp.java:34) - Запуск клиента
2021-03-07 16:40:18|INFO |JavaFX Application Thread|onlinechat.client.ChatClientApp (ChatClientApp.java:47) - Запуск окна аутентификации
2021-03-07 16:40:19|INFO |JavaFX Application Thread|onlinechat.client.ChatClientApp (ChatClientApp.java:65) - Создание основного окна чата
2021-03-07 16:59:25|INFO |JavaFX Application Thread|onlinechat.client.ChatClientApp (ChatClientApp.java:34) - Запуск клиента
2021-03-07 16:59:25|INFO |JavaFX Application Thread|onlinechat.client.ChatClientApp (ChatClientApp.java:47) - Запуск окна аутентификации
2021-03-07 16:59:25|INFO |JavaFX Application Thread|onlinechat.client.models.Network (Network.java:82) - Соединение установлено
2021-03-07 16:59:25|INFO |JavaFX Application Thread|onlinechat.client.ChatClientApp (ChatClientApp.java:65) - Создание основного окна чата
2021-03-07 16:59:40|INFO |JavaFX Application Thread|onlinechat.client.ChatClientApp (ChatClientApp.java:77) - Запуск чата
2021-03-07 16:59:49|INFO |JavaFX Application Thread|onlinechat.client.ChatClientApp (ChatClientApp.java:90) - Запуск окна смены ника
2021-03-07 17:03:39|INFO |JavaFX Application Thread|onlinechat.client.ChatClientApp (ChatClientApp.java:34) - Запуск клиента
2021-03-07 17:03:39|INFO |JavaFX Application Thread|onlinechat.client.ChatClientApp (ChatClientApp.java:47) - Запуск окна аутентификации
2021-03-07 17:03:40|INFO |JavaFX Application Thread|onlinechat.client.ChatClientApp (ChatClientApp.java:65) - Создание основного окна чата
2021-03-07 17:03:41|INFO |JavaFX Application Thread|onlinechat.client.controllers.AuthWindowController (AuthWindowController.java:45) - Введен пустой логин. Логин не может быть пустым
2021-03-07 17:03:42|INFO |JavaFX Application Thread|onlinechat.client.controllers.AuthWindowController (AuthWindowController.java:45) - Введен пустой логин. Логин не может быть пустым
2021-03-07 17:06:50|INFO |JavaFX Application Thread|onlinechat.client.ChatClientApp (ChatClientApp.java:34) - Запуск клиента
2021-03-07 17:06:50|INFO |JavaFX Application Thread|onlinechat.client.ChatClientApp (ChatClientApp.java:47) - Запуск окна аутентификации
2021-03-07 17:06:51|INFO |JavaFX Application Thread|onlinechat.client.ChatClientApp (ChatClientApp.java:65) - Создание основного окна чата
2021-03-07 17:06:55|INFO |JavaFX Application Thread|onlinechat.client.models.Network (Network.java:82) - Соединение установлено
2021-03-07 17:06:55|INFO |JavaFX Application Thread|onlinechat.client.ChatClientApp (ChatClientApp.java:77) - Запуск чата
2021-03-07 17:06:58|WARN |Thread-3|onlinechat.client.models.Network (Network.java:138) - Соединение прервано
2021-03-07 17:06:58|WARN |Thread-3|onlinechat.client.models.Network (Network.java:139) - java.net.SocketException: Connection reset
2021-03-07 17:06:58|INFO |Thread-3|onlinechat.client.models.Network (Network.java:155) - Receiver остановлен
2021-03-07 17:07:01|INFO |JavaFX Application Thread|onlinechat.client.ChatClientApp (ChatClientApp.java:113) - Рестарт чата
2021-03-07 17:07:01|INFO |JavaFX Application Thread|onlinechat.client.ChatClientApp (ChatClientApp.java:47) - Запуск окна аутентификации
2021-03-07 17:07:01|INFO |JavaFX Application Thread|onlinechat.client.ChatClientApp (ChatClientApp.java:65) - Создание основного окна чата
2021-03-07 17:07:09|WARN |JavaFX Application Thread|onlinechat.client.models.Network (Network.java:86) - Отсутствует подключение
2021-03-07 17:07:09|WARN |JavaFX Application Thread|onlinechat.client.models.Network (Network.java:87) - java.net.ConnectException: Connection refused: connect
2021-03-07 17:07:13|WARN |JavaFX Application Thread|onlinechat.client.models.Network (Network.java:86) - Отсутствует подключение
2021-03-07 17:07:13|WARN |JavaFX Application Thread|onlinechat.client.models.Network (Network.java:87) - java.net.ConnectException: Connection refused: connect
2021-03-07 17:07:19|WARN |JavaFX Application Thread|onlinechat.client.models.Network (Network.java:86) - Отсутствует подключение
2021-03-07 17:07:19|WARN |JavaFX Application Thread|onlinechat.client.models.Network (Network.java:87) - java.net.ConnectException: Connection refused: connect
2021-03-07 17:07:29|INFO |JavaFX Application Thread|onlinechat.client.models.Network (Network.java:82) - Соединение установлено
2021-03-07 17:07:29|INFO |JavaFX Application Thread|onlinechat.client.ChatClientApp (ChatClientApp.java:77) - Запуск чата
2021-03-07 17:08:29|INFO |JavaFX Application Thread|onlinechat.client.ChatClientApp (ChatClientApp.java:34) - Запуск клиента
2021-03-07 17:08:29|INFO |JavaFX Application Thread|onlinechat.client.ChatClientApp (ChatClientApp.java:47) - Запуск окна аутентификации
2021-03-07 17:08:29|INFO |JavaFX Application Thread|onlinechat.client.ChatClientApp (ChatClientApp.java:65) - Создание основного окна чата
2021-03-07 17:08:34|WARN |JavaFX Application Thread|onlinechat.client.models.Network (Network.java:86) - Отсутствует подключение
2021-03-07 17:08:34|WARN |JavaFX Application Thread|onlinechat.client.models.Network (Network.java:87) - java.net.ConnectException: Connection refused: connect
2021-03-07 17:08:39|WARN |JavaFX Application Thread|onlinechat.client.models.Network (Network.java:86) - Отсутствует подключение
2021-03-07 17:08:39|WARN |JavaFX Application Thread|onlinechat.client.models.Network (Network.java:87) - java.net.ConnectException: Connection refused: connect
2021-03-07 17:08:48|INFO |JavaFX Application Thread|onlinechat.client.ChatClientApp (ChatClientApp.java:34) - Запуск клиента
2021-03-07 17:08:48|INFO |JavaFX Application Thread|onlinechat.client.ChatClientApp (ChatClientApp.java:47) - Запуск окна аутентификации
2021-03-07 17:08:49|INFO |JavaFX Application Thread|onlinechat.client.ChatClientApp (ChatClientApp.java:65) - Создание основного окна чата
2021-03-07 17:08:52|INFO |JavaFX Application Thread|onlinechat.client.models.Network (Network.java:82) - Соединение установлено
2021-03-07 17:08:52|INFO |JavaFX Application Thread|onlinechat.client.ChatClientApp (ChatClientApp.java:77) - Запуск чата
2021-03-07 17:09:10|WARN |Thread-3|onlinechat.client.models.Network (Network.java:138) - Соединение прервано
2021-03-07 17:09:10|WARN |Thread-3|onlinechat.client.models.Network (Network.java:139) - java.net.SocketException: Connection reset
2021-03-07 17:09:10|INFO |Thread-3|onlinechat.client.models.Network (Network.java:155) - Receiver остановлен
2021-03-07 17:09:12|INFO |JavaFX Application Thread|onlinechat.client.ChatClientApp (ChatClientApp.java:113) - Рестарт чата
2021-03-07 17:09:12|INFO |JavaFX Application Thread|onlinechat.client.ChatClientApp (ChatClientApp.java:47) - Запуск окна аутентификации
2021-03-07 17:09:12|INFO |JavaFX Application Thread|onlinechat.client.ChatClientApp (ChatClientApp.java:65) - Создание основного окна чата
2021-03-07 17:09:20|WARN |JavaFX Application Thread|onlinechat.client.models.Network (Network.java:86) - Отсутствует подключение
2021-03-07 17:09:20|WARN |JavaFX Application Thread|onlinechat.client.models.Network (Network.java:87) - java.net.ConnectException: Connection refused: connect
2021-03-07 17:09:23|WARN |JavaFX Application Thread|onlinechat.client.controllers.AuthWindowController (AuthWindowController.java:54) - При вызове sendAuthCommand произошла SocketException
2021-03-07 17:09:23|WARN |JavaFX Application Thread|onlinechat.client.controllers.AuthWindowController (AuthWindowController.java:55) - java.net.SocketException: Connection reset by peer
2021-03-07 17:09:31|WARN |JavaFX Application Thread|onlinechat.client.models.Network (Network.java:86) - Отсутствует подключение
2021-03-07 17:09:31|WARN |JavaFX Application Thread|onlinechat.client.models.Network (Network.java:87) - java.net.ConnectException: Connection refused: connect
2021-03-07 17:09:46|INFO |JavaFX Application Thread|onlinechat.client.models.Network (Network.java:82) - Соединение установлено
2021-03-07 17:09:46|INFO |JavaFX Application Thread|onlinechat.client.ChatClientApp (ChatClientApp.java:77) - Запуск чата
2021-03-07 17:11:55|INFO |JavaFX Application Thread|onlinechat.client.ChatClientApp (ChatClientApp.java:34) - Запуск клиента
2021-03-07 17:11:55|INFO |JavaFX Application Thread|onlinechat.client.ChatClientApp (ChatClientApp.java:47) - Запуск окна аутентификации
2021-03-07 17:11:55|INFO |JavaFX Application Thread|onlinechat.client.ChatClientApp (ChatClientApp.java:65) - Создание основного окна чата
2021-03-07 17:12:07|WARN |JavaFX Application Thread|onlinechat.client.models.Network (Network.java:86) - Отсутствует подключение
2021-03-07 17:12:07|WARN |JavaFX Application Thread|onlinechat.client.models.Network (Network.java:87) - java.net.ConnectException: Connection refused: connect
2021-03-07 17:12:25|INFO |JavaFX Application Thread|onlinechat.client.ChatClientApp (ChatClientApp.java:34) - Запуск клиента
2021-03-07 17:12:25|INFO |JavaFX Application Thread|onlinechat.client.ChatClientApp (ChatClientApp.java:47) - Запуск окна аутентификации
2021-03-07 17:12:25|INFO |JavaFX Application Thread|onlinechat.client.ChatClientApp (ChatClientApp.java:65) - Создание основного окна чата
2021-03-07 17:12:31|WARN |JavaFX Application Thread|onlinechat.client.models.Network (Network.java:86) - Отсутствует подключение
2021-03-07 17:12:31|WARN |JavaFX Application Thread|onlinechat.client.models.Network (Network.java:87) - java.net.ConnectException: Connection refused: connect
2021-03-07 17:12:43|WARN |JavaFX Application Thread|onlinechat.client.models.Network (Network.java:86) - Отсутствует подключение
2021-03-07 17:12:43|WARN |JavaFX Application Thread|onlinechat.client.models.Network (Network.java:87) - java.net.ConnectException: Connection refused: connect
2021-03-07 17:12:50|INFO |JavaFX Application Thread|onlinechat.client.models.Network (Network.java:82) - Соединение установлено
2021-03-07 17:12:50|INFO |JavaFX Application Thread|onlinechat.client.ChatClientApp (ChatClientApp.java:77) - Запуск чата
2021-03-07 17:25:25|INFO |JavaFX Application Thread|onlinechat.client.ChatClientApp (ChatClientApp.java:34) - Запуск клиента
2021-03-07 17:25:25|INFO |JavaFX Application Thread|onlinechat.client.ChatClientApp (ChatClientApp.java:47) - Запуск окна аутентификации
2021-03-07 17:25:25|INFO |JavaFX Application Thread|onlinechat.client.ChatClientApp (ChatClientApp.java:65) - Создание основного окна чата
2021-03-07 17:28:03|INFO |JavaFX Application Thread|onlinechat.client.ChatClientApp (ChatClientApp.java:34) - Запуск клиента
2021-03-07 17:28:03|INFO |JavaFX Application Thread|onlinechat.client.ChatClientApp (ChatClientApp.java:47) - Запуск окна аутентификации
2021-03-07 17:28:04|INFO |JavaFX Application Thread|onlinechat.client.ChatClientApp (ChatClientApp.java:65) - Создание основного окна чата
2021-03-07 17:28:07|INFO |JavaFX Application Thread|onlinechat.client.models.Network (Network.java:82) - Соединение установлено
2021-03-07 17:29:29|INFO |JavaFX Application Thread|onlinechat.client.ChatClientApp (ChatClientApp.java:34) - Запуск клиента
2021-03-07 17:29:29|INFO |JavaFX Application Thread|onlinechat.client.ChatClientApp (ChatClientApp.java:47) - Запуск окна аутентификации
2021-03-07 17:29:29|INFO |JavaFX Application Thread|onlinechat.client.ChatClientApp (ChatClientApp.java:65) - Создание основного окна чата
2021-03-07 17:30:05|INFO |JavaFX Application Thread|onlinechat.client.ChatClientApp (ChatClientApp.java:34) - Запуск клиента
2021-03-07 17:30:05|INFO |JavaFX Application Thread|onlinechat.client.ChatClientApp (ChatClientApp.java:47) - Запуск окна аутентификации
2021-03-07 17:30:05|INFO |JavaFX Application Thread|onlinechat.client.ChatClientApp (ChatClientApp.java:65) - Создание основного окна чата
2021-03-07 17:30:07|INFO |JavaFX Application Thread|onlinechat.client.models.Network (Network.java:82) - Соединение установлено
2021-03-07 17:30:08|INFO |JavaFX Application Thread|onlinechat.client.models.Network (Network.java:82) - Соединение установлено
2021-03-07 17:39:13|INFO |JavaFX Application Thread|onlinechat.client.ChatClientApp (ChatClientApp.java:34) - Запуск клиента
2021-03-07 17:39:13|INFO |JavaFX Application Thread|onlinechat.client.ChatClientApp (ChatClientApp.java:47) - Запуск окна аутентификации
2021-03-07 17:39:14|INFO |JavaFX Application Thread|onlinechat.client.ChatClientApp (ChatClientApp.java:65) - Создание основного окна чата
2021-03-07 17:43:49|INFO |JavaFX Application Thread|onlinechat.client.ChatClientApp (ChatClientApp.java:34) - Запуск клиента
2021-03-07 17:43:49|INFO |JavaFX Application Thread|onlinechat.client.ChatClientApp (ChatClientApp.java:47) - Запуск окна аутентификации
2021-03-07 17:43:49|INFO |JavaFX Application Thread|onlinechat.client.ChatClientApp (ChatClientApp.java:65) - Создание основного окна чата
2021-03-07 17:46:48|INFO |JavaFX Application Thread|onlinechat.client.ChatClientApp (ChatClientApp.java:34) - Запуск клиента
2021-03-07 17:46:48|INFO |JavaFX Application Thread|onlinechat.client.ChatClientApp (ChatClientApp.java:47) - Запуск окна аутентификации
2021-03-07 17:46:48|INFO |JavaFX Application Thread|onlinechat.client.ChatClientApp (ChatClientApp.java:65) - Создание основного окна чата
2021-03-07 17:53:24|INFO |JavaFX Application Thread|onlinechat.client.ChatClientApp (ChatClientApp.java:34) - Запуск клиента
2021-03-07 17:53:24|INFO |JavaFX Application Thread|onlinechat.client.ChatClientApp (ChatClientApp.java:47) - Запуск окна аутентификации
2021-03-07 17:53:25|INFO |JavaFX Application Thread|onlinechat.client.ChatClientApp (ChatClientApp.java:65) - Создание основного окна чата
2021-03-07 17:54:16|INFO |JavaFX Application Thread|onlinechat.client.ChatClientApp (ChatClientApp.java:34) - Запуск клиента
2021-03-07 17:54:16|INFO |JavaFX Application Thread|onlinechat.client.ChatClientApp (ChatClientApp.java:47) - Запуск окна аутентификации
2021-03-07 17:54:16|INFO |JavaFX Application Thread|onlinechat.client.ChatClientApp (ChatClientApp.java:65) - Создание основного окна чата
2021-03-07 17:55:03|INFO |JavaFX Application Thread|onlinechat.client.ChatClientApp (ChatClientApp.java:34) - Запуск клиента
2021-03-07 17:55:03|INFO |JavaFX Application Thread|onlinechat.client.ChatClientApp (ChatClientApp.java:47) - Запуск окна аутентификации
2021-03-07 17:55:03|INFO |JavaFX Application Thread|onlinechat.client.ChatClientApp (ChatClientApp.java:65) - Создание основного окна чата
2021-03-07 17:55:26|INFO |JavaFX Application Thread|onlinechat.client.ChatClientApp (ChatClientApp.java:34) - Запуск клиента
2021-03-07 17:55:26|INFO |JavaFX Application Thread|onlinechat.client.ChatClientApp (ChatClientApp.java:47) - Запуск окна аутентификации
2021-03-07 17:55:26|INFO |JavaFX Application Thread|onlinechat.client.ChatClientApp (ChatClientApp.java:65) - Создание основного окна чата
2021-03-07 17:56:07|INFO |JavaFX Application Thread|onlinechat.client.ChatClientApp (ChatClientApp.java:34) - Запуск клиента
2021-03-07 17:56:07|INFO |JavaFX Application Thread|onlinechat.client.ChatClientApp (ChatClientApp.java:47) - Запуск окна аутентификации
2021-03-07 17:56:07|INFO |JavaFX Application Thread|onlinechat.client.ChatClientApp (ChatClientApp.java:65) - Создание основного окна чата
2021-03-07 17:56:22|INFO |JavaFX Application Thread|onlinechat.client.ChatClientApp (ChatClientApp.java:34) - Запуск клиента
2021-03-07 17:56:22|INFO |JavaFX Application Thread|onlinechat.client.ChatClientApp (ChatClientApp.java:47) - Запуск окна аутентификации
2021-03-07 17:56:22|INFO |JavaFX Application Thread|onlinechat.client.ChatClientApp (ChatClientApp.java:65) - Создание основного окна чата
2021-03-07 17:58:12|INFO |JavaFX Application Thread|onlinechat.client.ChatClientApp (ChatClientApp.java:34) - Запуск клиента
2021-03-07 17:58:12|INFO |JavaFX Application Thread|onlinechat.client.ChatClientApp (ChatClientApp.java:47) - Запуск окна аутентификации
2021-03-07 17:58:12|INFO |JavaFX Application Thread|onlinechat.client.ChatClientApp (ChatClientApp.java:65) - Создание основного окна чата
2021-03-07 18:04:18|INFO |JavaFX Application Thread|onlinechat.client.ChatClientApp (ChatClientApp.java:34) - Запуск клиента
2021-03-07 18:04:18|INFO |JavaFX Application Thread|onlinechat.client.ChatClientApp (ChatClientApp.java:47) - Запуск окна аутентификации
2021-03-07 18:04:18|INFO |JavaFX Application Thread|onlinechat.client.ChatClientApp (ChatClientApp.java:65) - Создание основного окна чата
2021-03-07 18:04:23|INFO |JavaFX Application Thread|onlinechat.client.models.Network (Network.java:85) - Соединение установлено
2021-03-07 18:04:23|INFO |JavaFX Application Thread|onlinechat.client.ChatClientApp (ChatClientApp.java:77) - Запуск чата
2021-03-07 18:04:28|INFO |JavaFX Application Thread|onlinechat.client.ChatClientApp (ChatClientApp.java:34) - Запуск клиента
2021-03-07 18:04:28|INFO |JavaFX Application Thread|onlinechat.client.ChatClientApp (ChatClientApp.java:47) - Запуск окна аутентификации
2021-03-07 18:04:28|INFO |JavaFX Application Thread|onlinechat.client.ChatClientApp (ChatClientApp.java:65) - Создание основного окна чата
2021-03-07 18:04:30|INFO |JavaFX Application Thread|onlinechat.client.models.Network (Network.java:85) - Соединение установлено
2021-03-07 18:04:31|INFO |JavaFX Application Thread|onlinechat.client.models.Network (Network.java:85) - Соединение установлено
2021-03-07 18:04:32|INFO |JavaFX Application Thread|onlinechat.client.models.Network (Network.java:85) - Соединение установлено
2021-03-07 18:04:37|WARN |JavaFX Application Thread|onlinechat.client.models.Network (Network.java:89) - Отсутствует подключение
2021-03-07 18:04:37|WARN |JavaFX Application Thread|onlinechat.client.models.Network (Network.java:90) - java.net.ConnectException: Connection refused: connect
2021-03-07 18:04:48|WARN |JavaFX Application Thread|onlinechat.client.models.Network (Network.java:89) - Отсутствует подключение
2021-03-07 18:04:48|WARN |JavaFX Application Thread|onlinechat.client.models.Network (Network.java:90) - java.net.ConnectException: Connection refused: connect
2021-03-07 18:05:27|INFO |JavaFX Application Thread|onlinechat.client.ChatClientApp (ChatClientApp.java:34) - Запуск клиента
2021-03-07 18:05:27|INFO |JavaFX Application Thread|onlinechat.client.ChatClientApp (ChatClientApp.java:47) - Запуск окна аутентификации
2021-03-07 18:05:28|INFO |JavaFX Application Thread|onlinechat.client.ChatClientApp (ChatClientApp.java:65) - Создание основного окна чата
2021-03-07 18:05:29|INFO |JavaFX Application Thread|onlinechat.client.models.Network (Network.java:85) - Соединение установлено
2021-03-07 18:05:42|WARN |JavaFX Application Thread|onlinechat.client.models.Network (Network.java:89) - Отсутствует подключение
2021-03-07 18:05:42|WARN |JavaFX Application Thread|onlinechat.client.models.Network (Network.java:90) - java.net.UnknownHostException: localhost1
2021-03-07 18:06:36|INFO |JavaFX Application Thread|onlinechat.client.ChatClientApp (ChatClientApp.java:34) - Запуск клиента
2021-03-07 18:06:36|INFO |JavaFX Application Thread|onlinechat.client.ChatClientApp (ChatClientApp.java:47) - Запуск окна аутентификации
2021-03-07 18:06:36|INFO |JavaFX Application Thread|onlinechat.client.ChatClientApp (ChatClientApp.java:65) - Создание основного окна чата
2021-03-07 18:06:39|INFO |JavaFX Application Thread|onlinechat.client.controllers.AuthWindowController (AuthWindowController.java:71) - Введен пустой логин. Логин не может быть пустым
2021-03-07 18:06:51|INFO |JavaFX Application Thread|onlinechat.client.controllers.AuthWindowController (AuthWindowController.java:71) - Введен пустой логин. Логин не может быть пустым
2021-03-07 18:06:51|INFO |JavaFX Application Thread|onlinechat.client.controllers.AuthWindowController (AuthWindowController.java:71) - Введен пустой логин. Логин не может быть пустым
2021-03-07 18:06:51|INFO |JavaFX Application Thread|onlinechat.client.controllers.AuthWindowController (AuthWindowController.java:71) - Введен пустой логин. Логин не может быть пустым
2021-03-07 18:06:51|INFO |JavaFX Application Thread|onlinechat.client.controllers.AuthWindowController (AuthWindowController.java:71) - Введен пустой логин. Логин не может быть пустым
2021-03-07 18:06:58|WARN |JavaFX Application Thread|onlinechat.client.models.Network (Network.java:89) - Отсутствует подключение
2021-03-07 18:06:58|WARN |JavaFX Application Thread|onlinechat.client.models.Network (Network.java:90) - java.net.ConnectException: Connection refused: connect
2021-03-07 18:07:57|INFO |JavaFX Application Thread|onlinechat.client.ChatClientApp (ChatClientApp.java:34) - Запуск клиента
2021-03-07 18:07:57|INFO |JavaFX Application Thread|onlinechat.client.ChatClientApp (ChatClientApp.java:47) - Запуск окна аутентификации
2021-03-07 18:07:58|INFO |JavaFX Application Thread|onlinechat.client.ChatClientApp (ChatClientApp.java:65) - Создание основного окна чата
2021-03-07 18:08:04|WARN |JavaFX Application Thread|onlinechat.client.models.Network (Network.java:89) - Отсутствует подключение
2021-03-07 18:08:04|WARN |JavaFX Application Thread|onlinechat.client.models.Network (Network.java:90) - java.net.ConnectException: Connection refused: connect
2021-03-07 18:08:37|INFO |JavaFX Application Thread|onlinechat.client.ChatClientApp (ChatClientApp.java:34) - Запуск клиента
2021-03-07 18:08:37|INFO |JavaFX Application Thread|onlinechat.client.ChatClientApp (ChatClientApp.java:47) - Запуск окна аутентификации
2021-03-07 18:08:38|INFO |JavaFX Application Thread|onlinechat.client.ChatClientApp (ChatClientApp.java:65) - Создание основного окна чата
2021-03-07 18:08:45|WARN |JavaFX Application Thread|onlinechat.client.models.Network (Network.java:89) - Отсутствует подключение
2021-03-07 18:08:45|WARN |JavaFX Application Thread|onlinechat.client.models.Network (Network.java:90) - java.net.ConnectException: Connection refused: connect
2021-03-07 18:08:56|WARN |JavaFX Application Thread|onlinechat.client.models.Network (Network.java:89) - Отсутствует подключение
2021-03-07 18:08:56|WARN |JavaFX Application Thread|onlinechat.client.models.Network (Network.java:90) - java.net.ConnectException: Connection refused: connect
2021-03-07 18:09:10|WARN |JavaFX Application Thread|onlinechat.client.models.Network (Network.java:89) - Отсутствует подключение
2021-03-07 18:09:10|WARN |JavaFX Application Thread|onlinechat.client.models.Network (Network.java:90) - java.net.ConnectException: Connection refused: connect
2021-03-07 18:09:29|INFO |JavaFX Application Thread|onlinechat.client.ChatClientApp (ChatClientApp.java:34) - Запуск клиента
2021-03-07 18:09:29|INFO |JavaFX Application Thread|onlinechat.client.ChatClientApp (ChatClientApp.java:47) - Запуск окна аутентификации
2021-03-07 18:09:29|INFO |JavaFX Application Thread|onlinechat.client.ChatClientApp (ChatClientApp.java:65) - Создание основного окна чата
2021-03-07 18:09:36|INFO |JavaFX Application Thread|onlinechat.client.models.Network (Network.java:85) - Соединение установлено
2021-03-07 18:09:36|INFO |JavaFX Application Thread|onlinechat.client.ChatClientApp (ChatClientApp.java:77) - Запуск чата
2021-03-07 18:11:11|INFO |JavaFX Application Thread|onlinechat.client.ChatClientApp (ChatClientApp.java:34) - Запуск клиента
2021-03-07 18:11:11|INFO |JavaFX Application Thread|onlinechat.client.ChatClientApp (ChatClientApp.java:47) - Запуск окна аутентификации
2021-03-07 18:11:12|INFO |JavaFX Application Thread|onlinechat.client.ChatClientApp (ChatClientApp.java:65) - Создание основного окна чата
2021-03-07 18:11:16|INFO |JavaFX Application Thread|onlinechat.client.controllers.AuthWindowController (AuthWindowController.java:83) - порт пустой
2021-03-07 18:11:16|INFO |JavaFX Application Thread|onlinechat.client.models.Network (Network.java:85) - Соединение установлено
2021-03-07 18:11:29|INFO |JavaFX Application Thread|onlinechat.client.controllers.AuthWindowController (AuthWindowController.java:80) - порт не пустой
2021-03-07 18:11:31|WARN |JavaFX Application Thread|onlinechat.client.models.Network (Network.java:89) - Отсутствует подключение
2021-03-07 18:11:31|WARN |JavaFX Application Thread|onlinechat.client.models.Network (Network.java:90) - java.net.ConnectException: Connection refused: connect
2021-03-07 18:11:32|INFO |JavaFX Application Thread|onlinechat.client.ChatClientApp (ChatClientApp.java:77) - Запуск чата
2021-03-07 18:11:33|INFO |Thread-3|onlinechat.client.models.Network (Network.java:156) - Receiver остановлен
2021-03-07 18:11:41|INFO |JavaFX Application Thread|onlinechat.client.ChatClientApp (ChatClientApp.java:34) - Запуск клиента
2021-03-07 18:11:41|INFO |JavaFX Application Thread|onlinechat.client.ChatClientApp (ChatClientApp.java:47) - Запуск окна аутентификации
2021-03-07 18:11:42|INFO |JavaFX Application Thread|onlinechat.client.ChatClientApp (ChatClientApp.java:65) - Создание основного окна чата
2021-03-07 18:12:00|INFO |JavaFX Application Thread|onlinechat.client.controllers.AuthWindowController (AuthWindowController.java:80) - порт не пустой
2021-03-07 18:12:02|WARN |JavaFX Application Thread|onlinechat.client.models.Network (Network.java:89) - Отсутствует подключение
2021-03-07 18:12:02|WARN |JavaFX Application Thread|onlinechat.client.models.Network (Network.java:90) - java.net.ConnectException: Connection refused: connect
2021-03-07 18:12:06|INFO |JavaFX Application Thread|onlinechat.client.controllers.AuthWindowController (AuthWindowController.java:80) - порт не пустой
2021-03-07 18:12:08|WARN |JavaFX Application Thread|onlinechat.client.models.Network (Network.java:89) - Отсутствует подключение
2021-03-07 18:12:08|WARN |JavaFX Application Thread|onlinechat.client.models.Network (Network.java:90) - java.net.ConnectException: Connection refused: connect
2021-03-07 18:12:12|INFO |JavaFX Application Thread|onlinechat.client.controllers.AuthWindowController (AuthWindowController.java:83) - порт пустой
2021-03-07 18:12:14|WARN |JavaFX Application Thread|onlinechat.client.models.Network (Network.java:89) - Отсутствует подключение
2021-03-07 18:12:14|WARN |JavaFX Application Thread|onlinechat.client.models.Network (Network.java:90) - java.net.ConnectException: Connection refused: connect
2021-03-07 18:15:14|INFO |JavaFX Application Thread|onlinechat.client.ChatClientApp (ChatClientApp.java:34) - Запуск клиента
2021-03-07 18:15:14|INFO |JavaFX Application Thread|onlinechat.client.ChatClientApp (ChatClientApp.java:47) - Запуск окна аутентификации
2021-03-07 18:15:14|INFO |JavaFX Application Thread|onlinechat.client.ChatClientApp (ChatClientApp.java:65) - Создание основного окна чата
2021-03-07 18:15:19|WARN |JavaFX Application Thread|onlinechat.client.models.Network (Network.java:98) - Отсутствует подключение
2021-03-07 18:15:19|WARN |JavaFX Application Thread|onlinechat.client.models.Network (Network.java:99) - java.net.ConnectException: Connection refused: connect
2021-03-07 18:15:28|WARN |JavaFX Application Thread|onlinechat.client.models.Network (Network.java:98) - Отсутствует подключение
2021-03-07 18:15:28|WARN |JavaFX Application Thread|onlinechat.client.models.Network (Network.java:99) - java.net.ConnectException: Connection refused: connect
2021-03-07 18:15:33|WARN |JavaFX Application Thread|onlinechat.client.models.Network (Network.java:98) - Отсутствует подключение
2021-03-07 18:15:33|WARN |JavaFX Application Thread|onlinechat.client.models.Network (Network.java:99) - java.net.ConnectException: Connection refused: connect
2021-03-07 18:15:38|WARN |JavaFX Application Thread|onlinechat.client.models.Network (Network.java:98) - Отсутствует подключение
2021-03-07 18:15:38|WARN |JavaFX Application Thread|onlinechat.client.models.Network (Network.java:99) - java.net.ConnectException: Connection refused: connect
2021-03-07 18:16:02|INFO |JavaFX Application Thread|onlinechat.client.models.Network (Network.java:94) - Соединение установлено
2021-03-07 18:16:03|INFO |JavaFX Application Thread|onlinechat.client.models.Network (Network.java:94) - Соединение установлено
2021-03-07 18:16:08|WARN |JavaFX Application Thread|onlinechat.client.models.Network (Network.java:98) - Отсутствует подключение
2021-03-07 18:16:08|WARN |JavaFX Application Thread|onlinechat.client.models.Network (Network.java:99) - java.net.ConnectException: Connection refused: connect
2021-03-07 18:17:08|INFO |JavaFX Application Thread|onlinechat.client.ChatClientApp (ChatClientApp.java:34) - Запуск клиента
2021-03-07 18:17:08|INFO |JavaFX Application Thread|onlinechat.client.ChatClientApp (ChatClientApp.java:47) - Запуск окна аутентификации
2021-03-07 18:17:08|INFO |JavaFX Application Thread|onlinechat.client.ChatClientApp (ChatClientApp.java:65) - Создание основного окна чата
2021-03-07 18:17:10|INFO |JavaFX Application Thread|onlinechat.client.models.Network (Network.java:94) - Соединение установлено
2021-03-07 18:17:13|INFO |JavaFX Application Thread|onlinechat.client.models.Network (Network.java:94) - Соединение установлено
2021-03-07 18:18:00|INFO |JavaFX Application Thread|onlinechat.client.ChatClientApp (ChatClientApp.java:34) - Запуск клиента
2021-03-07 18:18:00|INFO |JavaFX Application Thread|onlinechat.client.ChatClientApp (ChatClientApp.java:47) - Запуск окна аутентификации
2021-03-07 18:18:00|INFO |JavaFX Application Thread|onlinechat.client.ChatClientApp (ChatClientApp.java:65) - Создание основного окна чата
2021-03-07 18:18:02|INFO |JavaFX Application Thread|onlinechat.client.models.Network (Network.java:94) - Соединение установлено
2021-03-07 18:18:37|INFO |JavaFX Application Thread|onlinechat.client.ChatClientApp (ChatClientApp.java:34) - Запуск клиента
2021-03-07 18:18:37|INFO |JavaFX Application Thread|onlinechat.client.ChatClientApp (ChatClientApp.java:47) - Запуск окна аутентификации
2021-03-07 18:18:37|INFO |JavaFX Application Thread|onlinechat.client.ChatClientApp (ChatClientApp.java:65) - Создание основного окна чата
2021-03-07 18:18:39|INFO |JavaFX Application Thread|onlinechat.client.models.Network (Network.java:94) - Соединение установлено
2021-03-07 18:18:42|INFO |JavaFX Application Thread|onlinechat.client.models.Network (Network.java:94) - Соединение установлено
2021-03-07 18:18:43|INFO |JavaFX Application Thread|onlinechat.client.models.Network (Network.java:94) - Соединение установлено
2021-03-07 18:19:24|INFO |JavaFX Application Thread|onlinechat.client.ChatClientApp (ChatClientApp.java:34) - Запуск клиента
2021-03-07 18:19:24|INFO |JavaFX Application Thread|onlinechat.client.ChatClientApp (ChatClientApp.java:47) - Запуск окна аутентификации
2021-03-07 18:19:24|INFO |JavaFX Application Thread|onlinechat.client.ChatClientApp (ChatClientApp.java:65) - Создание основного окна чата
2021-03-07 18:19:26|INFO |JavaFX Application Thread|onlinechat.client.models.Network (Network.java:94) - Соединение установлено
2021-03-07 18:20:43|INFO |JavaFX Application Thread|onlinechat.client.ChatClientApp (ChatClientApp.java:34) - Запуск клиента
2021-03-07 18:20:43|INFO |JavaFX Application Thread|onlinechat.client.ChatClientApp (ChatClientApp.java:47) - Запуск окна аутентификации
2021-03-07 18:20:43|INFO |JavaFX Application Thread|onlinechat.client.ChatClientApp (ChatClientApp.java:65) - Создание основного окна чата
2021-03-07 18:20:48|WARN |JavaFX Application Thread|onlinechat.client.models.Network (Network.java:98) - Отсутствует подключение
2021-03-07 18:20:48|WARN |JavaFX Application Thread|onlinechat.client.models.Network (Network.java:99) - java.net.ConnectException: Connection refused: connect
2021-03-07 18:20:55|WARN |JavaFX Application Thread|onlinechat.client.models.Network (Network.java:98) - Отсутствует подключение
2021-03-07 18:20:55|WARN |JavaFX Application Thread|onlinechat.client.models.Network (Network.java:99) - java.net.ConnectException: Connection refused: connect
2021-03-07 18:21:01|INFO |JavaFX Application Thread|onlinechat.client.models.Network (Network.java:94) - Соединение установлено
2021-03-07 18:21:03|INFO |JavaFX Application Thread|onlinechat.client.models.Network (Network.java:94) - Соединение установлено
2021-03-07 18:21:04|INFO |JavaFX Application Thread|onlinechat.client.models.Network (Network.java:94) - Соединение установлено
2021-03-07 18:21:09|INFO |JavaFX Application Thread|onlinechat.client.models.Network (Network.java:94) - Соединение установлено
2021-03-07 18:21:12|INFO |JavaFX Application Thread|onlinechat.client.models.Network (Network.java:94) - Соединение установлено
2021-03-07 18:21:13|INFO |JavaFX Application Thread|onlinechat.client.models.Network (Network.java:94) - Соединение установлено
2021-03-07 18:21:15|INFO |JavaFX Application Thread|onlinechat.client.models.Network (Network.java:94) - Соединение установлено
2021-03-07 18:21:17|INFO |JavaFX Application Thread|onlinechat.client.models.Network (Network.java:94) - Соединение установлено
2021-03-07 18:21:23|WARN |JavaFX Application Thread|onlinechat.client.models.Network (Network.java:98) - Отсутствует подключение
2021-03-07 18:21:23|WARN |JavaFX Application Thread|onlinechat.client.models.Network (Network.java:99) - java.net.ConnectException: Connection refused: connect
2021-03-07 18:22:34|INFO |JavaFX Application Thread|onlinechat.client.ChatClientApp (ChatClientApp.java:34) - Запуск клиента
2021-03-07 18:22:34|INFO |JavaFX Application Thread|onlinechat.client.ChatClientApp (ChatClientApp.java:47) - Запуск окна аутентификации
2021-03-07 18:22:34|INFO |JavaFX Application Thread|onlinechat.client.ChatClientApp (ChatClientApp.java:65) - Создание основного окна чата
2021-03-07 18:22:36|INFO |JavaFX Application Thread|onlinechat.client.models.Network (Network.java:94) - Соединение установлено
2021-03-07 18:22:40|WARN |JavaFX Application Thread|onlinechat.client.models.Network (Network.java:98) - Отсутствует подключение
2021-03-07 18:22:40|WARN |JavaFX Application Thread|onlinechat.client.models.Network (Network.java:99) - java.net.ConnectException: Connection refused: connect
2021-03-07 18:22:45|WARN |JavaFX Application Thread|onlinechat.client.models.Network (Network.java:98) - Отсутствует подключение
2021-03-07 18:22:45|WARN |JavaFX Application Thread|onlinechat.client.models.Network (Network.java:99) - java.net.ConnectException: Connection refused: connect
2021-03-07 18:22:59|WARN |JavaFX Application Thread|onlinechat.client.models.Network (Network.java:98) - Отсутствует подключение
2021-03-07 18:22:59|WARN |JavaFX Application Thread|onlinechat.client.models.Network (Network.java:99) - java.net.ConnectException: Connection refused: connect
2021-03-07 18:23:00|INFO |JavaFX Application Thread|onlinechat.client.ChatClientApp (ChatClientApp.java:77) - Запуск чата
2021-03-07 18:23:00|INFO |Thread-3|onlinechat.client.models.Network (Network.java:165) - Receiver остановлен
2021-03-07 18:24:41|INFO |JavaFX Application Thread|onlinechat.client.ChatClientApp (ChatClientApp.java:34) - Запуск клиента
2021-03-07 18:24:41|INFO |JavaFX Application Thread|onlinechat.client.ChatClientApp (ChatClientApp.java:47) - Запуск окна аутентификации
2021-03-07 18:24:42|INFO |JavaFX Application Thread|onlinechat.client.ChatClientApp (ChatClientApp.java:65) - Создание основного окна чата
2021-03-07 18:24:47|INFO |JavaFX Application Thread|onlinechat.client.controllers.AuthWindowController (AuthWindowController.java:65) - Попытка аутентификации
2021-03-07 18:24:47|INFO |JavaFX Application Thread|onlinechat.client.models.Network (Network.java:94) - Соединение установлено
2021-03-07 18:31:49|INFO |JavaFX Application Thread|onlinechat.client.ChatClientApp (ChatClientApp.java:34) - Запуск клиента
2021-03-07 18:31:49|INFO |JavaFX Application Thread|onlinechat.client.ChatClientApp (ChatClientApp.java:47) - Запуск окна аутентификации
2021-03-07 18:31:50|INFO |JavaFX Application Thread|onlinechat.client.ChatClientApp (ChatClientApp.java:65) - Создание основного окна чата
2021-03-07 18:31:52|INFO |JavaFX Application Thread|onlinechat.client.controllers.AuthWindowController (AuthWindowController.java:65) - Попытка аутентификации
2021-03-07 18:31:52|INFO |JavaFX Application Thread|onlinechat.client.models.Network (Network.java:94) - Соединение установлено
2021-03-07 18:33:21|INFO |JavaFX Application Thread|onlinechat.client.ChatClientApp (ChatClientApp.java:34) - Запуск клиента
2021-03-07 18:33:21|INFO |JavaFX Application Thread|onlinechat.client.ChatClientApp (ChatClientApp.java:47) - Запуск окна аутентификации
2021-03-07 18:33:21|INFO |JavaFX Application Thread|onlinechat.client.ChatClientApp (ChatClientApp.java:65) - Создание основного окна чата
2021-03-07 18:33:23|INFO |JavaFX Application Thread|onlinechat.client.controllers.AuthWindowController (AuthWindowController.java:65) - Попытка аутентификации
2021-03-07 18:33:23|INFO |JavaFX Application Thread|onlinechat.client.models.Network (Network.java:94) - Соединение установлено
2021-03-07 18:33:25|INFO |JavaFX Application Thread|onlinechat.client.controllers.AuthWindowController (AuthWindowController.java:65) - Попытка аутентификации
2021-03-07 18:33:33|INFO |JavaFX Application Thread|onlinechat.client.ChatClientApp (ChatClientApp.java:34) - Запуск клиента
2021-03-07 18:33:33|INFO |JavaFX Application Thread|onlinechat.client.ChatClientApp (ChatClientApp.java:47) - Запуск окна аутентификации
2021-03-07 18:33:33|INFO |JavaFX Application Thread|onlinechat.client.ChatClientApp (ChatClientApp.java:65) - Создание основного окна чата
2021-03-07 18:33:36|INFO |JavaFX Application Thread|onlinechat.client.controllers.AuthWindowController (AuthWindowController.java:65) - Попытка аутентификации
2021-03-07 18:33:38|WARN |JavaFX Application Thread|onlinechat.client.models.Network (Network.java:97) - Отсутствует подключение
2021-03-07 18:33:38|WARN |JavaFX Application Thread|onlinechat.client.models.Network (Network.java:98) - java.net.ConnectException: Connection refused: connect
2021-03-07 18:33:41|INFO |JavaFX Application Thread|onlinechat.client.controllers.AuthWindowController (AuthWindowController.java:65) - Попытка аутентификации
2021-03-07 18:33:41|INFO |JavaFX Application Thread|onlinechat.client.models.Network (Network.java:94) - Соединение установлено
2021-03-07 18:33:51|INFO |JavaFX Application Thread|onlinechat.client.controllers.AuthWindowController (AuthWindowController.java:65) - Попытка аутентификации
2021-03-07 18:33:51|INFO |JavaFX Application Thread|onlinechat.client.ChatClientApp (ChatClientApp.java:77) - Запуск чата
2021-03-07 18:33:55|WARN |Thread-3|onlinechat.client.models.Network (Network.java:152) - Соединение прервано
2021-03-07 18:33:55|WARN |Thread-3|onlinechat.client.models.Network (Network.java:153) - java.net.SocketException: Connection reset
2021-03-07 18:33:55|INFO |Thread-3|onlinechat.client.models.Network (Network.java:169) - Receiver остановлен
2021-03-07 18:33:57|INFO |JavaFX Application Thread|onlinechat.client.ChatClientApp (ChatClientApp.java:113) - Рестарт чата
2021-03-07 18:33:57|INFO |JavaFX Application Thread|onlinechat.client.ChatClientApp (ChatClientApp.java:47) - Запуск окна аутентификации
2021-03-07 18:33:57|INFO |JavaFX Application Thread|onlinechat.client.ChatClientApp (ChatClientApp.java:65) - Создание основного окна чата
