2021-03-07 16:38:45|INFO |main|onlinechat.servermultiusers.ServerApp (ServerApp.java:17) - Запуск сервера
2021-03-07 16:38:45|INFO |main|onlinechat.servermultiusers.myserver.authservice.BaseAuthService (BaseAuthService.java:60) - Сервис аутентификации запущен
2021-03-07 16:38:45|INFO |main|onlinechat.servermultiusers.myserver.MyServer (MyServer.java:30) - Сервер запущен
2021-03-07 16:38:45|INFO |main|onlinechat.servermultiusers.myserver.MyServer (MyServer.java:33) - Ожидаем подключения пользователя
2021-03-07 16:39:42|INFO |main|onlinechat.servermultiusers.ServerApp (ServerApp.java:17) - Запуск сервера
2021-03-07 16:39:42|INFO |main|onlinechat.servermultiusers.myserver.authservice.BaseAuthService (BaseAuthService.java:60) - Сервис аутентификации запущен
2021-03-07 16:39:42|INFO |main|onlinechat.servermultiusers.myserver.MyServer (MyServer.java:30) - Сервер запущен
2021-03-07 16:39:42|INFO |main|onlinechat.servermultiusers.myserver.MyServer (MyServer.java:33) - Ожидаем подключения пользователя
2021-03-07 16:40:02|INFO |main|onlinechat.servermultiusers.ServerApp (ServerApp.java:17) - Запуск сервера
2021-03-07 16:40:02|INFO |main|onlinechat.servermultiusers.myserver.authservice.BaseAuthService (BaseAuthService.java:60) - Сервис аутентификации запущен
2021-03-07 16:40:02|INFO |main|onlinechat.servermultiusers.myserver.MyServer (MyServer.java:30) - Сервер запущен
2021-03-07 16:40:02|INFO |main|onlinechat.servermultiusers.myserver.MyServer (MyServer.java:33) - Ожидаем подключения пользователя
2021-03-07 16:40:19|INFO |main|onlinechat.servermultiusers.myserver.MyServer (MyServer.java:35) - Клиент подключился, создаем указатель
2021-03-07 16:40:19|INFO |main|onlinechat.servermultiusers.myserver.MyServer (MyServer.java:33) - Ожидаем подключения пользователя
2021-03-07 16:40:19|INFO |Thread-0|onlinechat.servermultiusers.myserver.handler.ClientHandler (ClientHandler.java:73) - Устанавливаем тайм-аут сокета 120000 мс
2021-03-07 16:40:27|WARN |Thread-0|onlinechat.servermultiusers.myserver.handler.ClientHandler (ClientHandler.java:58) - java.net.SocketException: Connection reset
2021-03-07 16:40:27|INFO |Thread-0|onlinechat.servermultiusers.myserver.MyServer (MyServer.java:69) - Отключился клиент null
2021-03-07 16:40:27|INFO |Thread-0|onlinechat.servermultiusers.myserver.MyServer (MyServer.java:82) - Список активных клиентов:

2021-03-07 16:59:14|INFO |main|onlinechat.servermultiusers.ServerApp (ServerApp.java:17) - Запуск сервера
2021-03-07 16:59:14|INFO |main|onlinechat.servermultiusers.myserver.authservice.BaseAuthService (BaseAuthService.java:60) - Сервис аутентификации запущен
2021-03-07 16:59:14|INFO |main|onlinechat.servermultiusers.myserver.MyServer (MyServer.java:30) - Сервер запущен
2021-03-07 16:59:14|INFO |main|onlinechat.servermultiusers.myserver.MyServer (MyServer.java:33) - Ожидаем подключения пользователя
